[0.000000] (-) TimerEvent: {}
[0.000242] (turtlesim_cli) JobQueued: {'identifier': 'turtlesim_cli', 'dependencies': OrderedDict()}
[0.000285] (turtlesim_cli) JobStarted: {'identifier': 'turtlesim_cli'}
[0.007472] (turtlesim_cli) JobProgress: {'identifier': 'turtlesim_cli', 'progress': 'cmake'}
[0.007763] (turtlesim_cli) JobProgress: {'identifier': 'turtlesim_cli', 'progress': 'build'}
[0.008418] (turtlesim_cli) Command: {'cmd': ['/usr/bin/cmake', '--build', '/home/kgh/GITHUB/ROBIT_ROS2_HW/DAY1/turtlesim_cli/build/turtlesim_cli', '--', '-j20', '-l20'], 'cwd': '/home/kgh/GITHUB/ROBIT_ROS2_HW/DAY1/turtlesim_cli/build/turtlesim_cli', 'env': OrderedDict([('RCUTILS_LOGGING_BUFFERED_STREAM', '1'), ('GJS_DEBUG_TOPICS', 'JS ERROR;JS LOG'), ('LESSOPEN', '| /usr/bin/lesspipe %s'), ('LANGUAGE', 'en'), ('USER', 'kgh'), ('LC_TIME', 'ko_KR.UTF-8'), ('ROS_NAMESPACE', 'robot1'), ('XDG_SESSION_TYPE', 'x11'), ('SHLVL', '1'), ('RCUTILS_CONSOLE_OUTPUT_FORMAT', '[{severity}]: {message}'), ('LD_LIBRARY_PATH', '/home/kgh/robot_ws/install/tutorial_interface/lib:/home/kgh/robot_ws/install/custom_interface/lib:/opt/ros/humble/lib/x86_64-linux-gnu:/opt/ros/humble/lib'), ('HOME', '/home/kgh'), ('OLDPWD', '/home/kgh/GITHUB/ROBIT_ROS2_HW/DAY1'), ('DESKTOP_SESSION', 'ubuntu'), ('GIO_LAUNCHED_DESKTOP_FILE', '/usr/share/applications/terminator.desktop'), ('ROS_PYTHON_VERSION', '3'), ('GNOME_SHELL_SESSION_MODE', 'ubuntu'), ('GTK_MODULES', 'gail:atk-bridge'), ('LC_MONETARY', 'ko_KR.UTF-8'), ('MANAGERPID', '1154'), ('SYSTEMD_EXEC_PID', '1556'), ('DBUS_SESSION_BUS_ADDRESS', 'unix:path=/run/user/1000/bus'), ('COLORTERM', 'truecolor'), ('TERMINATOR_DBUS_NAME', 'net.tenshu.Terminator21a9d5db22c73a993ff0b42f64b396873'), ('GIO_LAUNCHED_DESKTOP_FILE_PID', '7918'), ('_colcon_cd_root', '/home/kgh/robot_ws'), ('COLCON_PREFIX_PATH', '/home/kgh/GITHUB/ROBIT_ROS2_HW/DAY1/turtlesim_cli/install:/home/kgh/robot_ws/install'), ('ROS_DISTRO', 'humble'), ('GTK_IM_MODULE', 'ibus'), ('LOGNAME', 'kgh'), ('JOURNAL_STREAM', '8:4678'), ('_', '/usr/bin/colcon'), ('ROS_VERSION', '2'), ('XDG_SESSION_CLASS', 'user'), ('USERNAME', 'kgh'), ('TERM', 'xterm-256color'), ('GNOME_DESKTOP_SESSION_ID', 'this-is-deprecated'), ('ROS_LOCALHOST_ONLY', '0'), ('WINDOWPATH', '2'), ('PATH', '/opt/ros/humble/bin:/home/kgh/.local/bin:/usr/local/sbin:/usr/local/bin:/usr/sbin:/usr/bin:/sbin:/bin:/usr/games:/usr/local/games:/snap/bin:/snap/bin'), ('SESSION_MANAGER', 'local/kgh-Stealth-15M-B12UE:@/tmp/.ICE-unix/1529,unix/kgh-Stealth-15M-B12UE:/tmp/.ICE-unix/1529'), ('INVOCATION_ID', '596fc2c6f139423292fa2bc5161d7b64'), ('PAPERSIZE', 'a4'), ('XDG_MENU_PREFIX', 'gnome-'), ('LC_ADDRESS', 'ko_KR.UTF-8'), ('XDG_RUNTIME_DIR', '/run/user/1000'), ('DISPLAY', ':0'), ('TERMINATOR_DBUS_PATH', '/net/tenshu/Terminator2'), ('LANG', 'en_US.UTF-8'), ('XDG_CURRENT_DESKTOP', 'ubuntu:GNOME'), ('IBUS_DISABLE_SNOOPER', '1'), ('LC_TELEPHONE', 'ko_KR.UTF-8'), ('RMW_IMPLEMENTATION', 'rmw_fastrtps_cpp'), ('XMODIFIERS', '@im=ibus'), ('XDG_SESSION_DESKTOP', 'ubuntu'), ('XAUTHORITY', '/run/user/1000/gdm/Xauthority'), ('LS_COLORS', 'rs=0:di=01;34:ln=01;36:mh=00:pi=40;33:so=01;35:do=01;35:bd=40;33;01:cd=40;33;01:or=40;31;01:mi=00:su=37;41:sg=30;43:ca=30;41:tw=30;42:ow=34;42:st=37;44:ex=01;32:*.tar=01;31:*.tgz=01;31:*.arc=01;31:*.arj=01;31:*.taz=01;31:*.lha=01;31:*.lz4=01;31:*.lzh=01;31:*.lzma=01;31:*.tlz=01;31:*.txz=01;31:*.tzo=01;31:*.t7z=01;31:*.zip=01;31:*.z=01;31:*.dz=01;31:*.gz=01;31:*.lrz=01;31:*.lz=01;31:*.lzo=01;31:*.xz=01;31:*.zst=01;31:*.tzst=01;31:*.bz2=01;31:*.bz=01;31:*.tbz=01;31:*.tbz2=01;31:*.tz=01;31:*.deb=01;31:*.rpm=01;31:*.jar=01;31:*.war=01;31:*.ear=01;31:*.sar=01;31:*.rar=01;31:*.alz=01;31:*.ace=01;31:*.zoo=01;31:*.cpio=01;31:*.7z=01;31:*.rz=01;31:*.cab=01;31:*.wim=01;31:*.swm=01;31:*.dwm=01;31:*.esd=01;31:*.jpg=01;35:*.jpeg=01;35:*.mjpg=01;35:*.mjpeg=01;35:*.gif=01;35:*.bmp=01;35:*.pbm=01;35:*.pgm=01;35:*.ppm=01;35:*.tga=01;35:*.xbm=01;35:*.xpm=01;35:*.tif=01;35:*.tiff=01;35:*.png=01;35:*.svg=01;35:*.svgz=01;35:*.mng=01;35:*.pcx=01;35:*.mov=01;35:*.mpg=01;35:*.mpeg=01;35:*.m2v=01;35:*.mkv=01;35:*.webm=01;35:*.webp=01;35:*.ogm=01;35:*.mp4=01;35:*.m4v=01;35:*.mp4v=01;35:*.vob=01;35:*.qt=01;35:*.nuv=01;35:*.wmv=01;35:*.asf=01;35:*.rm=01;35:*.rmvb=01;35:*.flc=01;35:*.avi=01;35:*.fli=01;35:*.flv=01;35:*.gl=01;35:*.dl=01;35:*.xcf=01;35:*.xwd=01;35:*.yuv=01;35:*.cgm=01;35:*.emf=01;35:*.ogv=01;35:*.ogx=01;35:*.aac=00;36:*.au=00;36:*.flac=00;36:*.m4a=00;36:*.mid=00;36:*.midi=00;36:*.mka=00;36:*.mp3=00;36:*.mpc=00;36:*.ogg=00;36:*.ra=00;36:*.wav=00;36:*.oga=00;36:*.opus=00;36:*.spx=00;36:*.xspf=00;36:'), ('SSH_AGENT_LAUNCHER', 'gnome-keyring'), ('SSH_AUTH_SOCK', '/run/user/1000/keyring/ssh'), ('ROS_DOMAIN_ID', '7'), ('AMENT_PREFIX_PATH', '/home/kgh/GITHUB/ROBIT_ROS2_HW/DAY1/turtlesim_cli/install/turtlesim_cli:/home/kgh/robot_ws/install/my_subscribe_pkg:/home/kgh/robot_ws/install/tutorial_interface:/home/kgh/robot_ws/install/my_publisher_pkg:/home/kgh/robot_ws/install/custom_interface:/opt/ros/humble'), ('SHELL', '/bin/bash'), ('LC_NAME', 'ko_KR.UTF-8'), ('TERMINATOR_UUID', 'urn:uuid:dc8308fd-720b-4834-9832-f619ff9cee73'), ('QT_ACCESSIBILITY', '1'), ('GDMSESSION', 'ubuntu'), ('LESSCLOSE', '/usr/bin/lesspipe %s %s'), ('LC_MEASUREMENT', 'ko_KR.UTF-8'), ('GPG_AGENT_INFO', '/run/user/1000/gnupg/S.gpg-agent:0:1'), ('GJS_DEBUG_OUTPUT', 'stderr'), ('LC_IDENTIFICATION', 'ko_KR.UTF-8'), ('QT_IM_MODULE', 'ibus'), ('RCUTILS_LOGGING_USE_STDOUT', '0'), ('PWD', '/home/kgh/GITHUB/ROBIT_ROS2_HW/DAY1/turtlesim_cli/build/turtlesim_cli'), ('LC_ALL', 'en_US.UTF-8'), ('XDG_CONFIG_DIRS', '/etc/xdg/xdg-ubuntu:/etc/xdg'), ('RCUTILS_COLORIZED_OUTPUT', '1'), ('XDG_DATA_DIRS', '/usr/share/ubuntu:/usr/share/gnome:/usr/local/share/:/usr/share/:/var/lib/snapd/desktop'), ('PYTHONPATH', '/home/kgh/robot_ws/install/tutorial_interface/local/lib/python3.10/dist-packages:/home/kgh/robot_ws/install/custom_interface/local/lib/python3.10/dist-packages:/opt/ros/humble/lib/python3.10/site-packages:/opt/ros/humble/local/lib/python3.10/dist-packages'), ('LC_NUMERIC', 'ko_KR.UTF-8'), ('LC_PAPER', 'ko_KR.UTF-8'), ('COLCON', '1'), ('VTE_VERSION', '6800'), ('CMAKE_PREFIX_PATH', '/home/kgh/GITHUB/ROBIT_ROS2_HW/DAY1/turtlesim_cli/install/turtlesim_cli:/home/kgh/robot_ws/install/my_subscribe_pkg:/home/kgh/robot_ws/install/tutorial_interface:/home/kgh/robot_ws/install/my_publisher_pkg:/home/kgh/robot_ws/install/custom_interface:/opt/ros/humble')]), 'shell': False}
[0.057524] (turtlesim_cli) StdoutLine: {'line': b'\x1b[35m\x1b[1mConsolidate compiler generated dependencies of target turtlesim_cli\x1b[0m\n'}
[0.081225] (turtlesim_cli) StdoutLine: {'line': b'[ 33%] \x1b[32mBuilding CXX object CMakeFiles/turtlesim_cli.dir/src/main.cpp.o\x1b[0m\n'}
[0.082400] (turtlesim_cli) StdoutLine: {'line': b'[ 66%] \x1b[32mBuilding CXX object CMakeFiles/turtlesim_cli.dir/src/turtlesim_cli.cpp.o\x1b[0m\n'}
[0.099615] (-) TimerEvent: {}
[0.200171] (-) TimerEvent: {}
[0.300567] (-) TimerEvent: {}
[0.400978] (-) TimerEvent: {}
[0.501435] (-) TimerEvent: {}
[0.601978] (-) TimerEvent: {}
[0.702486] (-) TimerEvent: {}
[0.802939] (-) TimerEvent: {}
[0.903319] (-) TimerEvent: {}
[1.003659] (-) TimerEvent: {}
[1.104365] (-) TimerEvent: {}
[1.204758] (-) TimerEvent: {}
[1.305297] (-) TimerEvent: {}
[1.405803] (-) TimerEvent: {}
[1.506337] (-) TimerEvent: {}
[1.606740] (-) TimerEvent: {}
[1.707183] (-) TimerEvent: {}
[1.807661] (-) TimerEvent: {}
[1.908095] (-) TimerEvent: {}
[2.008546] (-) TimerEvent: {}
[2.054676] (turtlesim_cli) StderrLine: {'line': b'In file included from \x1b[01m\x1b[K/home/kgh/GITHUB/ROBIT_ROS2_HW/DAY1/turtlesim_cli/src/main.cpp:2\x1b[m\x1b[K:\n'}
[2.054910] (turtlesim_cli) StderrLine: {'line': b'\x1b[01m\x1b[K/home/kgh/GITHUB/ROBIT_ROS2_HW/DAY1/turtlesim_cli/include/turtlesim_cli.hpp:18:5:\x1b[m\x1b[K \x1b[01;31m\x1b[Kerror: \x1b[m\x1b[KISO C++ forbids declaration of \xe2\x80\x98\x1b[01m\x1b[KTurtlesimCliNode\x1b[m\x1b[K\xe2\x80\x99 with no type [\x1b[01;31m\x1b[K\x1b]8;;https://gcc.gnu.org/onlinedocs/gcc/Warning-Options.html#index-fpermissive\x07-fpermissive\x1b]8;;\x07\x1b[m\x1b[K]\n'}
[2.055010] (turtlesim_cli) StderrLine: {'line': b'   18 |     \x1b[01;31m\x1b[KTurtlesimCliNode\x1b[m\x1b[K();\n'}
[2.055092] (turtlesim_cli) StderrLine: {'line': b'      |     \x1b[01;31m\x1b[K^~~~~~~~~~~~~~~~\x1b[m\x1b[K\n'}
[2.084121] (turtlesim_cli) StderrLine: {'line': b'In file included from \x1b[01m\x1b[K/home/kgh/GITHUB/ROBIT_ROS2_HW/DAY1/turtlesim_cli/src/turtlesim_cli.cpp:1\x1b[m\x1b[K:\n'}
[2.084324] (turtlesim_cli) StderrLine: {'line': b'\x1b[01m\x1b[K/home/kgh/GITHUB/ROBIT_ROS2_HW/DAY1/turtlesim_cli/include/turtlesim_cli.hpp:18:5:\x1b[m\x1b[K \x1b[01;31m\x1b[Kerror: \x1b[m\x1b[KISO C++ forbids declaration of \xe2\x80\x98\x1b[01m\x1b[KTurtlesimCliNode\x1b[m\x1b[K\xe2\x80\x99 with no type [\x1b[01;31m\x1b[K\x1b]8;;https://gcc.gnu.org/onlinedocs/gcc/Warning-Options.html#index-fpermissive\x07-fpermissive\x1b]8;;\x07\x1b[m\x1b[K]\n'}
[2.084424] (turtlesim_cli) StderrLine: {'line': b'   18 |     \x1b[01;31m\x1b[KTurtlesimCliNode\x1b[m\x1b[K();\n'}
[2.084527] (turtlesim_cli) StderrLine: {'line': b'      |     \x1b[01;31m\x1b[K^~~~~~~~~~~~~~~~\x1b[m\x1b[K\n'}
[2.108704] (-) TimerEvent: {}
[2.209285] (-) TimerEvent: {}
[2.249655] (turtlesim_cli) StderrLine: {'line': b'\x1b[01m\x1b[K/home/kgh/GITHUB/ROBIT_ROS2_HW/DAY1/turtlesim_cli/src/main.cpp:\x1b[m\x1b[K In function \xe2\x80\x98\x1b[01m\x1b[Kint main(int, char**)\x1b[m\x1b[K\xe2\x80\x99:\n'}
[2.249898] (turtlesim_cli) StderrLine: {'line': b'\x1b[01m\x1b[K/home/kgh/GITHUB/ROBIT_ROS2_HW/DAY1/turtlesim_cli/src/main.cpp:7:34:\x1b[m\x1b[K \x1b[01;31m\x1b[Kerror: \x1b[m\x1b[K\xe2\x80\x98\x1b[01m\x1b[KTurtleSimCLI\x1b[m\x1b[K\xe2\x80\x99 was not declared in this scope; did you mean \xe2\x80\x98\x1b[01m\x1b[KTurtlesimCli\x1b[m\x1b[K\xe2\x80\x99?\n'}
[2.250003] (turtlesim_cli) StderrLine: {'line': b'    7 |     auto node = std::make_shared<\x1b[01;31m\x1b[KTurtleSimCLI\x1b[m\x1b[K>();  // TurtleSimCLI \xeb\x85\xb8\xeb\x93\x9c \xec\x83\x9d\xec\x84\xb1\n'}
[2.250093] (turtlesim_cli) StderrLine: {'line': b'      |                                  \x1b[01;31m\x1b[K^~~~~~~~~~~~\x1b[m\x1b[K\n'}
[2.250179] (turtlesim_cli) StderrLine: {'line': b'      |                                  \x1b[32m\x1b[KTurtlesimCli\x1b[m\x1b[K\n'}
[2.250263] (turtlesim_cli) StderrLine: {'line': b'\x1b[01m\x1b[K/home/kgh/GITHUB/ROBIT_ROS2_HW/DAY1/turtlesim_cli/src/main.cpp:7:47:\x1b[m\x1b[K \x1b[01;31m\x1b[Kerror: \x1b[m\x1b[Kno matching function for call to \xe2\x80\x98\x1b[01m\x1b[Kmake_shared<<expression error> >()\x1b[m\x1b[K\xe2\x80\x99\n'}
[2.250390] (turtlesim_cli) StderrLine: {'line': b'    7 |     auto node = \x1b[01;31m\x1b[Kstd::make_shared<TurtleSimCLI>()\x1b[m\x1b[K;  // TurtleSimCLI \xeb\x85\xb8\xeb\x93\x9c \xec\x83\x9d\xec\x84\xb1\n'}
[2.250487] (turtlesim_cli) StderrLine: {'line': b'      |                 \x1b[01;31m\x1b[K~~~~~~~~~~~~~~~~~~~~~~~~~~~~~~^~\x1b[m\x1b[K\n'}
[2.250579] (turtlesim_cli) StderrLine: {'line': b'In file included from \x1b[01m\x1b[K/usr/include/c++/11/memory:77\x1b[m\x1b[K,\n'}
[2.250662] (turtlesim_cli) StderrLine: {'line': b'                 from \x1b[01m\x1b[K/opt/ros/humble/include/rclcpp/rclcpp/rclcpp.hpp:153\x1b[m\x1b[K,\n'}
[2.250737] (turtlesim_cli) StderrLine: {'line': b'                 from \x1b[01m\x1b[K/home/kgh/GITHUB/ROBIT_ROS2_HW/DAY1/turtlesim_cli/src/main.cpp:1\x1b[m\x1b[K:\n'}
[2.250814] (turtlesim_cli) StderrLine: {'line': b'\x1b[01m\x1b[K/usr/include/c++/11/bits/shared_ptr.h:875:5:\x1b[m\x1b[K \x1b[01;36m\x1b[Knote: \x1b[m\x1b[Kcandidate: \xe2\x80\x98\x1b[01m\x1b[Ktemplate<class _Tp, class ... _Args> std::shared_ptr<_Tp> std::make_shared(_Args&& ...)\x1b[m\x1b[K\xe2\x80\x99\n'}
[2.250891] (turtlesim_cli) StderrLine: {'line': b'  875 |     \x1b[01;36m\x1b[Kmake_shared\x1b[m\x1b[K(_Args&&... __args)\n'}
[2.250967] (turtlesim_cli) StderrLine: {'line': b'      |     \x1b[01;36m\x1b[K^~~~~~~~~~~\x1b[m\x1b[K\n'}
[2.251042] (turtlesim_cli) StderrLine: {'line': b'\x1b[01m\x1b[K/usr/include/c++/11/bits/shared_ptr.h:875:5:\x1b[m\x1b[K \x1b[01;36m\x1b[Knote: \x1b[m\x1b[K  template argument deduction/substitution failed:\n'}
[2.251119] (turtlesim_cli) StderrLine: {'line': b'\x1b[01m\x1b[K/home/kgh/GITHUB/ROBIT_ROS2_HW/DAY1/turtlesim_cli/src/main.cpp:7:47:\x1b[m\x1b[K \x1b[01;31m\x1b[Kerror: \x1b[m\x1b[Ktemplate argument 1 is invalid\n'}
[2.251213] (turtlesim_cli) StderrLine: {'line': b'    7 |     auto node = \x1b[01;31m\x1b[Kstd::make_shared<TurtleSimCLI>()\x1b[m\x1b[K;  // TurtleSimCLI \xeb\x85\xb8\xeb\x93\x9c \xec\x83\x9d\xec\x84\xb1\n'}
[2.251295] (turtlesim_cli) StderrLine: {'line': b'      |                 \x1b[01;31m\x1b[K~~~~~~~~~~~~~~~~~~~~~~~~~~~~~~^~\x1b[m\x1b[K\n'}
[2.278772] (turtlesim_cli) StderrLine: {'line': b'\x1b[01m\x1b[K/home/kgh/GITHUB/ROBIT_ROS2_HW/DAY1/turtlesim_cli/src/turtlesim_cli.cpp:3:1:\x1b[m\x1b[K \x1b[01;31m\x1b[Kerror: \x1b[m\x1b[K\xe2\x80\x98\x1b[01m\x1b[KTurtlesimCliNode\x1b[m\x1b[K\xe2\x80\x99 does not name a type; did you mean \xe2\x80\x98\x1b[01m\x1b[KTurtlesimCli\x1b[m\x1b[K\xe2\x80\x99?\n'}
[2.279031] (turtlesim_cli) StderrLine: {'line': b'    3 | \x1b[01;31m\x1b[KTurtlesimCliNode\x1b[m\x1b[K::TurtlesimCliNode() : Node("turtlesim_cli_node") {\n'}
[2.279172] (turtlesim_cli) StderrLine: {'line': b'      | \x1b[01;31m\x1b[K^~~~~~~~~~~~~~~~\x1b[m\x1b[K\n'}
[2.279279] (turtlesim_cli) StderrLine: {'line': b'      | \x1b[32m\x1b[KTurtlesimCli\x1b[m\x1b[K\n'}
[2.299005] (turtlesim_cli) StderrLine: {'line': b'\x1b[01m\x1b[K/home/kgh/GITHUB/ROBIT_ROS2_HW/DAY1/turtlesim_cli/src/turtlesim_cli.cpp:\x1b[m\x1b[K In function \xe2\x80\x98\x1b[01m\x1b[Kint main(int, char**)\x1b[m\x1b[K\xe2\x80\x99:\n'}
[2.299201] (turtlesim_cli) StderrLine: {'line': b'\x1b[01m\x1b[K/home/kgh/GITHUB/ROBIT_ROS2_HW/DAY1/turtlesim_cli/src/turtlesim_cli.cpp:192:34:\x1b[m\x1b[K \x1b[01;31m\x1b[Kerror: \x1b[m\x1b[K\xe2\x80\x98\x1b[01m\x1b[KTurtlesimCliNode\x1b[m\x1b[K\xe2\x80\x99 was not declared in this scope; did you mean \xe2\x80\x98\x1b[01m\x1b[KTurtlesimCli\x1b[m\x1b[K\xe2\x80\x99?\n'}
[2.299293] (turtlesim_cli) StderrLine: {'line': b'  192 |     auto node = std::make_shared<\x1b[01;31m\x1b[KTurtlesimCliNode\x1b[m\x1b[K>();\n'}
[2.299394] (turtlesim_cli) StderrLine: {'line': b'      |                                  \x1b[01;31m\x1b[K^~~~~~~~~~~~~~~~\x1b[m\x1b[K\n'}
[2.299491] (turtlesim_cli) StderrLine: {'line': b'      |                                  \x1b[32m\x1b[KTurtlesimCli\x1b[m\x1b[K\n'}
[2.299582] (turtlesim_cli) StderrLine: {'line': b'\x1b[01m\x1b[K/home/kgh/GITHUB/ROBIT_ROS2_HW/DAY1/turtlesim_cli/src/turtlesim_cli.cpp:192:51:\x1b[m\x1b[K \x1b[01;31m\x1b[Kerror: \x1b[m\x1b[Kno matching function for call to \xe2\x80\x98\x1b[01m\x1b[Kmake_shared<<expression error> >()\x1b[m\x1b[K\xe2\x80\x99\n'}
[2.299680] (turtlesim_cli) StderrLine: {'line': b'  192 |     auto node = \x1b[01;31m\x1b[Kstd::make_shared<TurtlesimCliNode>()\x1b[m\x1b[K;\n'}
[2.299789] (turtlesim_cli) StderrLine: {'line': b'      |                 \x1b[01;31m\x1b[K~~~~~~~~~~~~~~~~~~~~~~~~~~~~~~~~~~^~\x1b[m\x1b[K\n'}
[2.299984] (turtlesim_cli) StderrLine: {'line': b'In file included from \x1b[01m\x1b[K/usr/include/c++/11/memory:77\x1b[m\x1b[K,\n'}
[2.300053] (turtlesim_cli) StderrLine: {'line': b'                 from \x1b[01m\x1b[K/opt/ros/humble/include/rclcpp/rclcpp/rclcpp.hpp:153\x1b[m\x1b[K,\n'}
[2.300096] (turtlesim_cli) StderrLine: {'line': b'                 from \x1b[01m\x1b[K/home/kgh/GITHUB/ROBIT_ROS2_HW/DAY1/turtlesim_cli/include/turtlesim_cli.hpp:4\x1b[m\x1b[K,\n'}
[2.300141] (turtlesim_cli) StderrLine: {'line': b'                 from \x1b[01m\x1b[K/home/kgh/GITHUB/ROBIT_ROS2_HW/DAY1/turtlesim_cli/src/turtlesim_cli.cpp:1\x1b[m\x1b[K:\n'}
[2.300191] (turtlesim_cli) StderrLine: {'line': b'\x1b[01m\x1b[K/usr/include/c++/11/bits/shared_ptr.h:875:5:\x1b[m\x1b[K \x1b[01;36m\x1b[Knote: \x1b[m\x1b[Kcandidate: \xe2\x80\x98\x1b[01m\x1b[Ktemplate<class _Tp, class ... _Args> std::shared_ptr<_Tp> std::make_shared(_Args&& ...)\x1b[m\x1b[K\xe2\x80\x99\n'}
[2.300241] (turtlesim_cli) StderrLine: {'line': b'  875 |     \x1b[01;36m\x1b[Kmake_shared\x1b[m\x1b[K(_Args&&... __args)\n'}
[2.300287] (turtlesim_cli) StderrLine: {'line': b'      |     \x1b[01;36m\x1b[K^~~~~~~~~~~\x1b[m\x1b[K\n'}
[2.300331] (turtlesim_cli) StderrLine: {'line': b'\x1b[01m\x1b[K/usr/include/c++/11/bits/shared_ptr.h:875:5:\x1b[m\x1b[K \x1b[01;36m\x1b[Knote: \x1b[m\x1b[K  template argument deduction/substitution failed:\n'}
[2.300390] (turtlesim_cli) StderrLine: {'line': b'\x1b[01m\x1b[K/home/kgh/GITHUB/ROBIT_ROS2_HW/DAY1/turtlesim_cli/src/turtlesim_cli.cpp:192:51:\x1b[m\x1b[K \x1b[01;31m\x1b[Kerror: \x1b[m\x1b[Ktemplate argument 1 is invalid\n'}
[2.300434] (turtlesim_cli) StderrLine: {'line': b'  192 |     auto node = \x1b[01;31m\x1b[Kstd::make_shared<TurtlesimCliNode>()\x1b[m\x1b[K;\n'}
[2.300504] (turtlesim_cli) StderrLine: {'line': b'      |                 \x1b[01;31m\x1b[K~~~~~~~~~~~~~~~~~~~~~~~~~~~~~~~~~~^~\x1b[m\x1b[K\n'}
[2.309547] (-) TimerEvent: {}
[2.409789] (-) TimerEvent: {}
[2.510122] (-) TimerEvent: {}
[2.610644] (-) TimerEvent: {}
[2.634798] (turtlesim_cli) StderrLine: {'line': b'gmake[2]: *** [CMakeFiles/turtlesim_cli.dir/build.make:76: CMakeFiles/turtlesim_cli.dir/src/main.cpp.o] Error 1\n'}
[2.634994] (turtlesim_cli) StderrLine: {'line': b'gmake[2]: *** Waiting for unfinished jobs....\n'}
[2.710884] (-) TimerEvent: {}
[2.811198] (-) TimerEvent: {}
[2.911459] (-) TimerEvent: {}
[3.011774] (-) TimerEvent: {}
[3.067424] (turtlesim_cli) StderrLine: {'line': b'gmake[2]: *** [CMakeFiles/turtlesim_cli.dir/build.make:90: CMakeFiles/turtlesim_cli.dir/src/turtlesim_cli.cpp.o] Error 1\n'}
[3.067889] (turtlesim_cli) StderrLine: {'line': b'gmake[1]: *** [CMakeFiles/Makefile2:137: CMakeFiles/turtlesim_cli.dir/all] Error 2\n'}
[3.068000] (turtlesim_cli) StderrLine: {'line': b'gmake: *** [Makefile:146: all] Error 2\n'}
[3.069778] (turtlesim_cli) CommandEnded: {'returncode': 2}
[3.107565] (turtlesim_cli) JobEnded: {'identifier': 'turtlesim_cli', 'rc': 2}
[3.111837] (-) TimerEvent: {}
[3.118179] (-) EventReactorShutdown: {}
