[35m[1mConsolidate compiler generated dependencies of target turtlesim_cli[0m
[ 33%] [32mBuilding CXX object CMakeFiles/turtlesim_cli.dir/src/main.cpp.o[0m
[ 66%] [32mBuilding CXX object CMakeFiles/turtlesim_cli.dir/src/turtlesim_cli.cpp.o[0m
In file included from [01m[K/home/kgh/GITHUB/ROBIT_ROS2_HW/DAY1/turtlesim_cli/src/turtlesim_cli.cpp:1[m[K:
[01m[K/home/kgh/GITHUB/ROBIT_ROS2_HW/DAY1/turtlesim_cli/include/turtlesim_cli.hpp:18:5:[m[K [01;31m[Kerror: [m[KISO C++ forbids declaration of ‚Äò[01m[KTurtlesimCliNode[m[K‚Äô with no type [[01;31m[K]8;;https://gcc.gnu.org/onlinedocs/gcc/Warning-Options.html#index-fpermissive-fpermissive]8;;[m[K]
   18 |     [01;31m[KTurtlesimCliNode[m[K();
      |     [01;31m[K^~~~~~~~~~~~~~~~[m[K
In file included from [01m[K/home/kgh/GITHUB/ROBIT_ROS2_HW/DAY1/turtlesim_cli/src/main.cpp:2[m[K:
[01m[K/home/kgh/GITHUB/ROBIT_ROS2_HW/DAY1/turtlesim_cli/include/turtlesim_cli.hpp:18:5:[m[K [01;31m[Kerror: [m[KISO C++ forbids declaration of ‚Äò[01m[KTurtlesimCliNode[m[K‚Äô with no type [[01;31m[K]8;;https://gcc.gnu.org/onlinedocs/gcc/Warning-Options.html#index-fpermissive-fpermissive]8;;[m[K]
   18 |     [01;31m[KTurtlesimCliNode[m[K();
      |     [01;31m[K^~~~~~~~~~~~~~~~[m[K
[01m[K/home/kgh/GITHUB/ROBIT_ROS2_HW/DAY1/turtlesim_cli/src/turtlesim_cli.cpp:3:1:[m[K [01;31m[Kerror: [m[K‚Äò[01m[KTurtlesimCliNode[m[K‚Äô does not name a type; did you mean ‚Äò[01m[KTurtlesimCli[m[K‚Äô?
    3 | [01;31m[KTurtlesimCliNode[m[K::TurtlesimCliNode() : Node("turtlesim_cli_node") {
      | [01;31m[K^~~~~~~~~~~~~~~~[m[K
      | [32m[KTurtlesimCli[m[K
[01m[K/home/kgh/GITHUB/ROBIT_ROS2_HW/DAY1/turtlesim_cli/src/turtlesim_cli.cpp:[m[K In member function ‚Äò[01m[Kvoid TurtlesimCli::set_background_color()[m[K‚Äô:
[01m[K/home/kgh/GITHUB/ROBIT_ROS2_HW/DAY1/turtlesim_cli/src/turtlesim_cli.cpp:76:13:[m[K [01;31m[Kerror: [m[Kswitch quantity not an integer
   76 |     switch ([01;31m[Kcolor_input[m[K) {
      |             [01;31m[K^~~~~~~~~~~[m[K
[01m[K/home/kgh/GITHUB/ROBIT_ROS2_HW/DAY1/turtlesim_cli/src/main.cpp:[m[K In function ‚Äò[01m[Kint main(int, char**)[m[K‚Äô:
[01m[K/home/kgh/GITHUB/ROBIT_ROS2_HW/DAY1/turtlesim_cli/src/main.cpp:7:34:[m[K [01;31m[Kerror: [m[K‚Äò[01m[KTurtleSimCLI[m[K‚Äô was not declared in this scope; did you mean ‚Äò[01m[KTurtlesimCli[m[K‚Äô?
    7 |     auto node = std::make_shared<[01;31m[KTurtleSimCLI[m[K>();  // TurtleSimCLI ÎÖ∏Îìú ÏÉùÏÑ±
      |                                  [01;31m[K^~~~~~~~~~~~[m[K
      |                                  [32m[KTurtlesimCli[m[K
[01m[K/home/kgh/GITHUB/ROBIT_ROS2_HW/DAY1/turtlesim_cli/src/main.cpp:7:47:[m[K [01;31m[Kerror: [m[Kno matching function for call to ‚Äò[01m[Kmake_shared<<expression error> >()[m[K‚Äô
    7 |     auto node = [01;31m[Kstd::make_shared<TurtleSimCLI>()[m[K;  // TurtleSimCLI ÎÖ∏Îìú ÏÉùÏÑ±
      |                 [01;31m[K~~~~~~~~~~~~~~~~~~~~~~~~~~~~~~^~[m[K
In file included from [01m[K/usr/include/c++/11/memory:77[m[K,
                 from [01m[K/opt/ros/humble/include/rclcpp/rclcpp/rclcpp.hpp:153[m[K,
                 from [01m[K/home/kgh/GITHUB/ROBIT_ROS2_HW/DAY1/turtlesim_cli/src/main.cpp:1[m[K:
[01m[K/usr/include/c++/11/bits/shared_ptr.h:875:5:[m[K [01;36m[Knote: [m[Kcandidate: ‚Äò[01m[Ktemplate<class _Tp, class ... _Args> std::shared_ptr<_Tp> std::make_shared(_Args&& ...)[m[K‚Äô
  875 |     [01;36m[Kmake_shared[m[K(_Args&&... __args)
      |     [01;36m[K^~~~~~~~~~~[m[K
[01m[K/usr/include/c++/11/bits/shared_ptr.h:875:5:[m[K [01;36m[Knote: [m[K  template argument deduction/substitution failed:
[01m[K/home/kgh/GITHUB/ROBIT_ROS2_HW/DAY1/turtlesim_cli/src/main.cpp:7:47:[m[K [01;31m[Kerror: [m[Ktemplate argument 1 is invalid
    7 |     auto node = [01;31m[Kstd::make_shared<TurtleSimCLI>()[m[K;  // TurtleSimCLI ÎÖ∏Îìú ÏÉùÏÑ±
      |                 [01;31m[K~~~~~~~~~~~~~~~~~~~~~~~~~~~~~~^~[m[K
gmake[2]: *** [CMakeFiles/turtlesim_cli.dir/build.make:76: CMakeFiles/turtlesim_cli.dir/src/main.cpp.o] Error 1
gmake[2]: *** Waiting for unfinished jobs....
In file included from [01m[K/usr/include/x86_64-linux-gnu/c++/11/bits/c++allocator.h:33[m[K,
                 from [01m[K/usr/include/c++/11/bits/allocator.h:46[m[K,
                 from [01m[K/usr/include/c++/11/memory:64[m[K,
                 from [01m[K/opt/ros/humble/include/rclcpp/rclcpp/rclcpp.hpp:153[m[K,
                 from [01m[K/home/kgh/GITHUB/ROBIT_ROS2_HW/DAY1/turtlesim_cli/include/turtlesim_cli.hpp:4[m[K,
                 from [01m[K/home/kgh/GITHUB/ROBIT_ROS2_HW/DAY1/turtlesim_cli/src/turtlesim_cli.cpp:1[m[K:
/usr/include/c++/11/ext/new_allocator.h: In instantiation of ‚Äò[01m[Kvoid __gnu_cxx::new_allocator<_Tp>::construct(_Up*, _Args&& ...) [with _Up = TurtlesimCli; _Args = {}; _Tp = TurtlesimCli][m[K‚Äô:
[01m[K/usr/include/c++/11/bits/alloc_traits.h:516:17:[m[K   required from ‚Äò[01m[Kstatic void std::allocator_traits<std::allocator<_Tp1> >::construct(std::allocator_traits<std::allocator<_Tp1> >::allocator_type&, _Up*, _Args&& ...) [with _Up = TurtlesimCli; _Args = {}; _Tp = TurtlesimCli; std::allocator_traits<std::allocator<_Tp1> >::allocator_type = std::allocator<TurtlesimCli>][m[K‚Äô
[01m[K/usr/include/c++/11/bits/shared_ptr_base.h:519:39:[m[K   required from ‚Äò[01m[Kstd::_Sp_counted_ptr_inplace<_Tp, _Alloc, _Lp>::_Sp_counted_ptr_inplace(_Alloc, _Args&& ...) [with _Args = {}; _Tp = TurtlesimCli; _Alloc = std::allocator<TurtlesimCli>; __gnu_cxx::_Lock_policy _Lp = __gnu_cxx::_S_atomic][m[K‚Äô
[01m[K/usr/include/c++/11/bits/shared_ptr_base.h:650:16:[m[K   required from ‚Äò[01m[Kstd::__shared_count<_Lp>::__shared_count(_Tp*&, std::_Sp_alloc_shared_tag<_Alloc>, _Args&& ...) [with _Tp = TurtlesimCli; _Alloc = std::allocator<TurtlesimCli>; _Args = {}; __gnu_cxx::_Lock_policy _Lp = __gnu_cxx::_S_atomic][m[K‚Äô
[01m[K/usr/include/c++/11/bits/shared_ptr_base.h:1342:14:[m[K   required from ‚Äò[01m[Kstd::__shared_ptr<_Tp, _Lp>::__shared_ptr(std::_Sp_alloc_shared_tag<_Tp>, _Args&& ...) [with _Alloc = std::allocator<TurtlesimCli>; _Args = {}; _Tp = TurtlesimCli; __gnu_cxx::_Lock_policy _Lp = __gnu_cxx::_S_atomic][m[K‚Äô
[01m[K/usr/include/c++/11/bits/shared_ptr.h:409:59:[m[K   required from ‚Äò[01m[Kstd::shared_ptr<_Tp>::shared_ptr(std::_Sp_alloc_shared_tag<_Tp>, _Args&& ...) [with _Alloc = std::allocator<TurtlesimCli>; _Args = {}; _Tp = TurtlesimCli][m[K‚Äô
[01m[K/usr/include/c++/11/bits/shared_ptr.h:862:14:[m[K   required from ‚Äò[01m[Kstd::shared_ptr<_Tp> std::allocate_shared(const _Alloc&, _Args&& ...) [with _Tp = TurtlesimCli; _Alloc = std::allocator<TurtlesimCli>; _Args = {}][m[K‚Äô
[01m[K/usr/include/c++/11/bits/shared_ptr.h:878:39:[m[K   required from ‚Äò[01m[Kstd::shared_ptr<_Tp> std::make_shared(_Args&& ...) [with _Tp = TurtlesimCli; _Args = {}][m[K‚Äô
[01m[K/home/kgh/GITHUB/ROBIT_ROS2_HW/DAY1/turtlesim_cli/src/turtlesim_cli.cpp:201:47:[m[K   required from here
[01m[K/usr/include/c++/11/ext/new_allocator.h:162:11:[m[K [01;31m[Kerror: [m[Kuse of deleted function ‚Äò[01m[KTurtlesimCli::TurtlesimCli()[m[K‚Äô
  162 |         { [01;31m[K::new((void *)__p) _Up(std::forward<_Args>(__args)...)[m[K; }
      |           [01;31m[K^~~~~~~~~~~~~~~~~~~~~~~~~~~~~~~~~~~~~~~~~~~~~~~~~~~~~~[m[K
In file included from [01m[K/home/kgh/GITHUB/ROBIT_ROS2_HW/DAY1/turtlesim_cli/src/turtlesim_cli.cpp:1[m[K:
[01m[K/home/kgh/GITHUB/ROBIT_ROS2_HW/DAY1/turtlesim_cli/include/turtlesim_cli.hpp:16:7:[m[K [01;36m[Knote: [m[K‚Äò[01m[KTurtlesimCli::TurtlesimCli()[m[K‚Äô is implicitly deleted because the default definition would be ill-formed:
   16 | class [01;36m[KTurtlesimCli[m[K : public rclcpp::Node {
      |       [01;36m[K^~~~~~~~~~~~[m[K
[01m[K/home/kgh/GITHUB/ROBIT_ROS2_HW/DAY1/turtlesim_cli/include/turtlesim_cli.hpp:16:7:[m[K [01;31m[Kerror: [m[Kno matching function for call to ‚Äò[01m[Krclcpp::Node::Node()[m[K‚Äô
In file included from [01m[K/opt/ros/humble/include/rclcpp/rclcpp/executors/single_threaded_executor.hpp:28[m[K,
                 from [01m[K/opt/ros/humble/include/rclcpp/rclcpp/executors.hpp:22[m[K,
                 from [01m[K/opt/ros/humble/include/rclcpp/rclcpp/rclcpp.hpp:155[m[K,
                 from [01m[K/home/kgh/GITHUB/ROBIT_ROS2_HW/DAY1/turtlesim_cli/include/turtlesim_cli.hpp:4[m[K,
                 from [01m[K/home/kgh/GITHUB/ROBIT_ROS2_HW/DAY1/turtlesim_cli/src/turtlesim_cli.cpp:1[m[K:
[01m[K/opt/ros/humble/include/rclcpp/rclcpp/node.hpp:1294:3:[m[K [01;36m[Knote: [m[Kcandidate: ‚Äò[01m[Krclcpp::Node::Node(const rclcpp::Node&, const string&)[m[K‚Äô
 1294 |   [01;36m[KNode[m[K(
      |   [01;36m[K^~~~[m[K
[01m[K/opt/ros/humble/include/rclcpp/rclcpp/node.hpp:1294:3:[m[K [01;36m[Knote: [m[K  candidate expects 2 arguments, 0 provided
[01m[K/opt/ros/humble/include/rclcpp/rclcpp/node.hpp:101:12:[m[K [01;36m[Knote: [m[Kcandidate: ‚Äò[01m[Krclcpp::Node::Node(const string&, const string&, const rclcpp::NodeOptions&)[m[K‚Äô
  101 |   explicit [01;36m[KNode[m[K(
      |            [01;36m[K^~~~[m[K
[01m[K/opt/ros/humble/include/rclcpp/rclcpp/node.hpp:101:12:[m[K [01;36m[Knote: [m[K  candidate expects 3 arguments, 0 provided
[01m[K/opt/ros/humble/include/rclcpp/rclcpp/node.hpp:89:12:[m[K [01;36m[Knote: [m[Kcandidate: ‚Äò[01m[Krclcpp::Node::Node(const string&, const rclcpp::NodeOptions&)[m[K‚Äô
   89 |   explicit [01;36m[KNode[m[K(
      |            [01;36m[K^~~~[m[K
[01m[K/opt/ros/humble/include/rclcpp/rclcpp/node.hpp:89:12:[m[K [01;36m[Knote: [m[K  candidate expects 2 arguments, 0 provided
gmake[2]: *** [CMakeFiles/turtlesim_cli.dir/build.make:90: CMakeFiles/turtlesim_cli.dir/src/turtlesim_cli.cpp.o] Error 1
gmake[1]: *** [CMakeFiles/Makefile2:137: CMakeFiles/turtlesim_cli.dir/all] Error 2
gmake: *** [Makefile:146: all] Error 2
