[01m[K/home/kgh/GITHUB/ROBIT_ROS2_HW/DAY1/turtlesim_cli/src/turtlesim_cli.cpp:[m[K In member function â€˜[01m[Kvoid TurtleSimCLI::run()[m[Kâ€™:
[01m[K/home/kgh/GITHUB/ROBIT_ROS2_HW/DAY1/turtlesim_cli/src/turtlesim_cli.cpp:21:9:[m[K [01;31m[Kerror: [m[Kâ€˜[01m[KdisplayMenu[m[Kâ€™ was not declared in this scope
   21 |         [01;31m[KdisplayMenu[m[K();
      |         [01;31m[K^~~~~~~~~~~[m[K
[01m[K/home/kgh/GITHUB/ROBIT_ROS2_HW/DAY1/turtlesim_cli/src/turtlesim_cli.cpp:22:20:[m[K [01;31m[Kerror: [m[Kâ€˜[01m[KgetUserInput[m[Kâ€™ was not declared in this scope
   22 |         int mode = [01;31m[KgetUserInput[m[K();
      |                    [01;31m[K^~~~~~~~~~~~[m[K
[01m[K/home/kgh/GITHUB/ROBIT_ROS2_HW/DAY1/turtlesim_cli/src/turtlesim_cli.cpp:[m[K At global scope:
[01m[K/home/kgh/GITHUB/ROBIT_ROS2_HW/DAY1/turtlesim_cli/src/turtlesim_cli.cpp:27:6:[m[K [01;31m[Kerror: [m[Kno declaration matches â€˜[01m[Kvoid TurtleSimCLI::displayMenu()[m[Kâ€™
   27 | void [01;31m[KTurtleSimCLI[m[K::displayMenu()
      |      [01;31m[K^~~~~~~~~~~~[m[K
[01m[K/home/kgh/GITHUB/ROBIT_ROS2_HW/DAY1/turtlesim_cli/src/turtlesim_cli.cpp:27:6:[m[K [01;36m[Knote: [m[Kno functions named â€˜[01m[Kvoid TurtleSimCLI::displayMenu()[m[Kâ€™
In file included from [01m[K/home/kgh/GITHUB/ROBIT_ROS2_HW/DAY1/turtlesim_cli/src/turtlesim_cli.cpp:1[m[K:
[01m[K/home/kgh/GITHUB/ROBIT_ROS2_HW/DAY1/turtlesim_cli/include/turtlesim_cli.hpp:11:7:[m[K [01;36m[Knote: [m[Kâ€˜[01m[Kclass TurtleSimCLI[m[Kâ€™ defined here
   11 | class [01;36m[KTurtleSimCLI[m[K : public rclcpp::Node
      |       [01;36m[K^~~~~~~~~~~~[m[K
[01m[K/home/kgh/GITHUB/ROBIT_ROS2_HW/DAY1/turtlesim_cli/src/turtlesim_cli.cpp:37:5:[m[K [01;31m[Kerror: [m[Kno declaration matches â€˜[01m[Kint TurtleSimCLI::getUserInput()[m[Kâ€™
   37 | int [01;31m[KTurtleSimCLI[m[K::getUserInput()
      |     [01;31m[K^~~~~~~~~~~~[m[K
[01m[K/home/kgh/GITHUB/ROBIT_ROS2_HW/DAY1/turtlesim_cli/src/turtlesim_cli.cpp:37:5:[m[K [01;36m[Knote: [m[Kno functions named â€˜[01m[Kint TurtleSimCLI::getUserInput()[m[Kâ€™
In file included from [01m[K/home/kgh/GITHUB/ROBIT_ROS2_HW/DAY1/turtlesim_cli/src/turtlesim_cli.cpp:1[m[K:
[01m[K/home/kgh/GITHUB/ROBIT_ROS2_HW/DAY1/turtlesim_cli/include/turtlesim_cli.hpp:11:7:[m[K [01;36m[Knote: [m[Kâ€˜[01m[Kclass TurtleSimCLI[m[Kâ€™ defined here
   11 | class [01;36m[KTurtleSimCLI[m[K : public rclcpp::Node
      |       [01;36m[K^~~~~~~~~~~~[m[K
[01m[K/home/kgh/GITHUB/ROBIT_ROS2_HW/DAY1/turtlesim_cli/src/turtlesim_cli.cpp:[m[K In function â€˜[01m[Kvoid set_background_color()[m[Kâ€™:
[01m[K/home/kgh/GITHUB/ROBIT_ROS2_HW/DAY1/turtlesim_cli/src/turtlesim_cli.cpp:86:81:[m[K [01;31m[Kerror: [m[Kinvalid use of â€˜[01m[Kthis[m[Kâ€™ in non-member function
   86 | ient = std::make_shared<rclcpp::AsyncParametersClient>([01;31m[Kthis[m[K->shared_from_this(), "turtlesim");
      |                                                        [01;31m[K^~~~[m[K

[01m[K/home/kgh/GITHUB/ROBIT_ROS2_HW/DAY1/turtlesim_cli/src/turtlesim_cli.cpp:95:27:[m[K [01;31m[Kerror: [m[Kâ€˜[01m[Kclear_client_[m[Kâ€™ was not declared in this scope
   95 |             auto result = [01;31m[Kclear_client_[m[K->async_send_request(request);
      |                           [01;31m[K^~~~~~~~~~~~~[m[K
[01m[K/home/kgh/GITHUB/ROBIT_ROS2_HW/DAY1/turtlesim_cli/src/turtlesim_cli.cpp:97:52:[m[K [01;31m[Kerror: [m[Kinvalid use of â€˜[01m[Kthis[m[Kâ€™ in non-member function
   97 |             if (rclcpp::spin_until_future_complete([01;31m[Kthis[m[K->shared_from_this(), result) == rclcpp::FutureReturnCode::SUCCESS) {
      |                                                    [01;31m[K^~~~[m[K
gmake[2]: *** [CMakeFiles/turtlesim_cli.dir/build.make:76: CMakeFiles/turtlesim_cli.dir/src/turtlesim_cli.cpp.o] Error 1
gmake[1]: *** [CMakeFiles/Makefile2:137: CMakeFiles/turtlesim_cli.dir/all] Error 2
gmake: *** [Makefile:146: all] Error 2
