[0.007s] Invoking command in '/home/kgh/GITHUB/ROBIT_ROS2_HW/DAY1/turtlesim_cli/build/turtlesim_cli': CMAKE_PREFIX_PATH=${CMAKE_PREFIX_PATH}:/opt/ros/humble /usr/bin/cmake --build /home/kgh/GITHUB/ROBIT_ROS2_HW/DAY1/turtlesim_cli/build/turtlesim_cli -- -j20 -l20
[0.025s] -- Found ament_cmake: 1.3.10 (/opt/ros/humble/share/ament_cmake/cmake)
[0.099s] -- Found rclcpp: 16.0.10 (/opt/ros/humble/share/rclcpp/cmake)
[0.113s] -- Found rosidl_generator_c: 3.1.5 (/opt/ros/humble/share/rosidl_generator_c/cmake)
[0.115s] -- Found rosidl_adapter: 3.1.5 (/opt/ros/humble/share/rosidl_adapter/cmake)
[0.118s] -- Found rosidl_generator_cpp: 3.1.5 (/opt/ros/humble/share/rosidl_generator_cpp/cmake)
[0.123s] -- Using all available rosidl_typesupport_c: rosidl_typesupport_fastrtps_c;rosidl_typesupport_introspection_c
[0.131s] -- Using all available rosidl_typesupport_cpp: rosidl_typesupport_fastrtps_cpp;rosidl_typesupport_introspection_cpp
[0.149s] -- Found rmw_implementation_cmake: 6.1.2 (/opt/ros/humble/share/rmw_implementation_cmake/cmake)
[0.150s] -- Found rmw_fastrtps_cpp: 6.2.7 (/opt/ros/humble/share/rmw_fastrtps_cpp/cmake)
[0.201s] -- Using RMW implementation 'rmw_fastrtps_cpp' as default
[0.228s] -- Found turtlesim: 1.4.2 (/opt/ros/humble/share/turtlesim/cmake)
[0.249s] -- Found std_srvs: 4.2.4 (/opt/ros/humble/share/std_srvs/cmake)
[0.253s] -- Found geometry_msgs: 4.2.4 (/opt/ros/humble/share/geometry_msgs/cmake)
[0.261s] -- Found ament_lint_auto: 0.12.11 (/opt/ros/humble/share/ament_lint_auto/cmake)
[0.308s] -- Added test 'cppcheck' to perform static code analysis on C / C++ code
[0.308s] -- Configured cppcheck include dirs: /home/kgh/GITHUB/ROBIT_ROS2_HW/DAY1/turtlesim_cli/include
[0.308s] -- Configured cppcheck exclude dirs and/or files: 
[0.309s] -- Added test 'flake8' to check Python code syntax and style conventions
[0.310s] -- Added test 'lint_cmake' to check CMake code style
[0.311s] -- Added test 'pep257' to check Python code against some of the docstring style conventions in PEP 257
[0.314s] -- Added test 'uncrustify' to check C / C++ code style
[0.314s] -- Configured uncrustify additional arguments: 
[0.315s] -- Added test 'xmllint' to check XML markup files
[0.315s] -- Configuring done
[0.322s] -- Generating done
[0.323s] -- Build files have been written to: /home/kgh/GITHUB/ROBIT_ROS2_HW/DAY1/turtlesim_cli/build/turtlesim_cli
[0.342s] [35m[1mConsolidate compiler generated dependencies of target turtlesim_cli[0m
[0.359s] [ 33%] [32mBuilding CXX object CMakeFiles/turtlesim_cli.dir/src/turtlesim_cli.cpp.o[0m
[1.602s] [01m[K/home/kgh/GITHUB/ROBIT_ROS2_HW/DAY1/turtlesim_cli/src/turtlesim_cli.cpp:[m[K In member function â€˜[01m[Kvoid TurtleSimCLI::run()[m[Kâ€™:
[1.602s] [01m[K/home/kgh/GITHUB/ROBIT_ROS2_HW/DAY1/turtlesim_cli/src/turtlesim_cli.cpp:21:9:[m[K [01;31m[Kerror: [m[Kâ€˜[01m[KdisplayMenu[m[Kâ€™ was not declared in this scope
[1.602s]    21 |         [01;31m[KdisplayMenu[m[K();
[1.602s]       |         [01;31m[K^~~~~~~~~~~[m[K
[1.606s] [01m[K/home/kgh/GITHUB/ROBIT_ROS2_HW/DAY1/turtlesim_cli/src/turtlesim_cli.cpp:22:20:[m[K [01;31m[Kerror: [m[Kâ€˜[01m[KgetUserInput[m[Kâ€™ was not declared in this scope
[1.606s]    22 |         int mode = [01;31m[KgetUserInput[m[K();
[1.606s]       |                    [01;31m[K^~~~~~~~~~~~[m[K
[1.606s] [01m[K/home/kgh/GITHUB/ROBIT_ROS2_HW/DAY1/turtlesim_cli/src/turtlesim_cli.cpp:[m[K At global scope:
[1.606s] [01m[K/home/kgh/GITHUB/ROBIT_ROS2_HW/DAY1/turtlesim_cli/src/turtlesim_cli.cpp:27:6:[m[K [01;31m[Kerror: [m[Kno declaration matches â€˜[01m[Kvoid TurtleSimCLI::displayMenu()[m[Kâ€™
[1.606s]    27 | void [01;31m[KTurtleSimCLI[m[K::displayMenu()
[1.606s]       |      [01;31m[K^~~~~~~~~~~~[m[K
[1.606s] [01m[K/home/kgh/GITHUB/ROBIT_ROS2_HW/DAY1/turtlesim_cli/src/turtlesim_cli.cpp:27:6:[m[K [01;36m[Knote: [m[Kno functions named â€˜[01m[Kvoid TurtleSimCLI::displayMenu()[m[Kâ€™
[1.606s] In file included from [01m[K/home/kgh/GITHUB/ROBIT_ROS2_HW/DAY1/turtlesim_cli/src/turtlesim_cli.cpp:1[m[K:
[1.606s] [01m[K/home/kgh/GITHUB/ROBIT_ROS2_HW/DAY1/turtlesim_cli/include/turtlesim_cli.hpp:11:7:[m[K [01;36m[Knote: [m[Kâ€˜[01m[Kclass TurtleSimCLI[m[Kâ€™ defined here
[1.606s]    11 | class [01;36m[KTurtleSimCLI[m[K : public rclcpp::Node
[1.606s]       |       [01;36m[K^~~~~~~~~~~~[m[K
[1.606s] [01m[K/home/kgh/GITHUB/ROBIT_ROS2_HW/DAY1/turtlesim_cli/src/turtlesim_cli.cpp:37:5:[m[K [01;31m[Kerror: [m[Kno declaration matches â€˜[01m[Kint TurtleSimCLI::getUserInput()[m[Kâ€™
[1.606s]    37 | int [01;31m[KTurtleSimCLI[m[K::getUserInput()
[1.606s]       |     [01;31m[K^~~~~~~~~~~~[m[K
[1.606s] [01m[K/home/kgh/GITHUB/ROBIT_ROS2_HW/DAY1/turtlesim_cli/src/turtlesim_cli.cpp:37:5:[m[K [01;36m[Knote: [m[Kno functions named â€˜[01m[Kint TurtleSimCLI::getUserInput()[m[Kâ€™
[1.606s] In file included from [01m[K/home/kgh/GITHUB/ROBIT_ROS2_HW/DAY1/turtlesim_cli/src/turtlesim_cli.cpp:1[m[K:
[1.606s] [01m[K/home/kgh/GITHUB/ROBIT_ROS2_HW/DAY1/turtlesim_cli/include/turtlesim_cli.hpp:11:7:[m[K [01;36m[Knote: [m[Kâ€˜[01m[Kclass TurtleSimCLI[m[Kâ€™ defined here
[1.606s]    11 | class [01;36m[KTurtleSimCLI[m[K : public rclcpp::Node
[1.606s]       |       [01;36m[K^~~~~~~~~~~~[m[K
[1.608s] [01m[K/home/kgh/GITHUB/ROBIT_ROS2_HW/DAY1/turtlesim_cli/src/turtlesim_cli.cpp:[m[K In function â€˜[01m[Kvoid set_background_color()[m[Kâ€™:
[1.608s] [01m[K/home/kgh/GITHUB/ROBIT_ROS2_HW/DAY1/turtlesim_cli/src/turtlesim_cli.cpp:86:81:[m[K [01;31m[Kerror: [m[Kinvalid use of â€˜[01m[Kthis[m[Kâ€™ in non-member function
[1.608s]    86 | ient = std::make_shared<rclcpp::AsyncParametersClient>([01;31m[Kthis[m[K->shared_from_this(), "turtlesim");
[1.608s]       |                                                        [01;31m[K^~~~[m[K
[1.608s] 
[1.611s] [01m[K/home/kgh/GITHUB/ROBIT_ROS2_HW/DAY1/turtlesim_cli/src/turtlesim_cli.cpp:95:27:[m[K [01;31m[Kerror: [m[Kâ€˜[01m[Kclear_client_[m[Kâ€™ was not declared in this scope
[1.611s]    95 |             auto result = [01;31m[Kclear_client_[m[K->async_send_request(request);
[1.611s]       |                           [01;31m[K^~~~~~~~~~~~~[m[K
[1.611s] [01m[K/home/kgh/GITHUB/ROBIT_ROS2_HW/DAY1/turtlesim_cli/src/turtlesim_cli.cpp:97:52:[m[K [01;31m[Kerror: [m[Kinvalid use of â€˜[01m[Kthis[m[Kâ€™ in non-member function
[1.611s]    97 |             if (rclcpp::spin_until_future_complete([01;31m[Kthis[m[K->shared_from_this(), result) == rclcpp::FutureReturnCode::SUCCESS) {
[1.611s]       |                                                    [01;31m[K^~~~[m[K
[1.947s] gmake[2]: *** [CMakeFiles/turtlesim_cli.dir/build.make:76: CMakeFiles/turtlesim_cli.dir/src/turtlesim_cli.cpp.o] Error 1
[1.947s] gmake[1]: *** [CMakeFiles/Makefile2:137: CMakeFiles/turtlesim_cli.dir/all] Error 2
[1.947s] gmake: *** [Makefile:146: all] Error 2
[1.950s] Invoked command in '/home/kgh/GITHUB/ROBIT_ROS2_HW/DAY1/turtlesim_cli/build/turtlesim_cli' returned '2': CMAKE_PREFIX_PATH=${CMAKE_PREFIX_PATH}:/opt/ros/humble /usr/bin/cmake --build /home/kgh/GITHUB/ROBIT_ROS2_HW/DAY1/turtlesim_cli/build/turtlesim_cli -- -j20 -l20
