[0.012s] Invoking command in '/home/kgh/GITHUB/ROBIT_ROS2_HW/DAY1/turtlesim_cli/build/turtlesim_cli': CMAKE_PREFIX_PATH=${CMAKE_PREFIX_PATH}:/opt/ros/humble /usr/bin/cmake --build /home/kgh/GITHUB/ROBIT_ROS2_HW/DAY1/turtlesim_cli/build/turtlesim_cli -- -j20 -l20
[0.057s] [35m[1mConsolidate compiler generated dependencies of target turtlesim_cli[0m
[0.081s] [ 33%] [32mBuilding CXX object CMakeFiles/turtlesim_cli.dir/src/main.cpp.o[0m
[0.082s] [ 66%] [32mBuilding CXX object CMakeFiles/turtlesim_cli.dir/src/turtlesim_cli.cpp.o[0m
[2.055s] In file included from [01m[K/home/kgh/GITHUB/ROBIT_ROS2_HW/DAY1/turtlesim_cli/src/main.cpp:2[m[K:
[2.055s] [01m[K/home/kgh/GITHUB/ROBIT_ROS2_HW/DAY1/turtlesim_cli/include/turtlesim_cli.hpp:18:5:[m[K [01;31m[Kerror: [m[KISO C++ forbids declaration of ‚Äò[01m[KTurtlesimCliNode[m[K‚Äô with no type [[01;31m[K]8;;https://gcc.gnu.org/onlinedocs/gcc/Warning-Options.html#index-fpermissive-fpermissive]8;;[m[K]
[2.055s]    18 |     [01;31m[KTurtlesimCliNode[m[K();
[2.055s]       |     [01;31m[K^~~~~~~~~~~~~~~~[m[K
[2.084s] In file included from [01m[K/home/kgh/GITHUB/ROBIT_ROS2_HW/DAY1/turtlesim_cli/src/turtlesim_cli.cpp:1[m[K:
[2.084s] [01m[K/home/kgh/GITHUB/ROBIT_ROS2_HW/DAY1/turtlesim_cli/include/turtlesim_cli.hpp:18:5:[m[K [01;31m[Kerror: [m[KISO C++ forbids declaration of ‚Äò[01m[KTurtlesimCliNode[m[K‚Äô with no type [[01;31m[K]8;;https://gcc.gnu.org/onlinedocs/gcc/Warning-Options.html#index-fpermissive-fpermissive]8;;[m[K]
[2.084s]    18 |     [01;31m[KTurtlesimCliNode[m[K();
[2.084s]       |     [01;31m[K^~~~~~~~~~~~~~~~[m[K
[2.249s] [01m[K/home/kgh/GITHUB/ROBIT_ROS2_HW/DAY1/turtlesim_cli/src/main.cpp:[m[K In function ‚Äò[01m[Kint main(int, char**)[m[K‚Äô:
[2.250s] [01m[K/home/kgh/GITHUB/ROBIT_ROS2_HW/DAY1/turtlesim_cli/src/main.cpp:7:34:[m[K [01;31m[Kerror: [m[K‚Äò[01m[KTurtleSimCLI[m[K‚Äô was not declared in this scope; did you mean ‚Äò[01m[KTurtlesimCli[m[K‚Äô?
[2.250s]     7 |     auto node = std::make_shared<[01;31m[KTurtleSimCLI[m[K>();  // TurtleSimCLI ÎÖ∏Îìú ÏÉùÏÑ±
[2.250s]       |                                  [01;31m[K^~~~~~~~~~~~[m[K
[2.250s]       |                                  [32m[KTurtlesimCli[m[K
[2.250s] [01m[K/home/kgh/GITHUB/ROBIT_ROS2_HW/DAY1/turtlesim_cli/src/main.cpp:7:47:[m[K [01;31m[Kerror: [m[Kno matching function for call to ‚Äò[01m[Kmake_shared<<expression error> >()[m[K‚Äô
[2.250s]     7 |     auto node = [01;31m[Kstd::make_shared<TurtleSimCLI>()[m[K;  // TurtleSimCLI ÎÖ∏Îìú ÏÉùÏÑ±
[2.250s]       |                 [01;31m[K~~~~~~~~~~~~~~~~~~~~~~~~~~~~~~^~[m[K
[2.250s] In file included from [01m[K/usr/include/c++/11/memory:77[m[K,
[2.250s]                  from [01m[K/opt/ros/humble/include/rclcpp/rclcpp/rclcpp.hpp:153[m[K,
[2.250s]                  from [01m[K/home/kgh/GITHUB/ROBIT_ROS2_HW/DAY1/turtlesim_cli/src/main.cpp:1[m[K:
[2.251s] [01m[K/usr/include/c++/11/bits/shared_ptr.h:875:5:[m[K [01;36m[Knote: [m[Kcandidate: ‚Äò[01m[Ktemplate<class _Tp, class ... _Args> std::shared_ptr<_Tp> std::make_shared(_Args&& ...)[m[K‚Äô
[2.251s]   875 |     [01;36m[Kmake_shared[m[K(_Args&&... __args)
[2.251s]       |     [01;36m[K^~~~~~~~~~~[m[K
[2.251s] [01m[K/usr/include/c++/11/bits/shared_ptr.h:875:5:[m[K [01;36m[Knote: [m[K  template argument deduction/substitution failed:
[2.251s] [01m[K/home/kgh/GITHUB/ROBIT_ROS2_HW/DAY1/turtlesim_cli/src/main.cpp:7:47:[m[K [01;31m[Kerror: [m[Ktemplate argument 1 is invalid
[2.251s]     7 |     auto node = [01;31m[Kstd::make_shared<TurtleSimCLI>()[m[K;  // TurtleSimCLI ÎÖ∏Îìú ÏÉùÏÑ±
[2.251s]       |                 [01;31m[K~~~~~~~~~~~~~~~~~~~~~~~~~~~~~~^~[m[K
[2.279s] [01m[K/home/kgh/GITHUB/ROBIT_ROS2_HW/DAY1/turtlesim_cli/src/turtlesim_cli.cpp:3:1:[m[K [01;31m[Kerror: [m[K‚Äò[01m[KTurtlesimCliNode[m[K‚Äô does not name a type; did you mean ‚Äò[01m[KTurtlesimCli[m[K‚Äô?
[2.279s]     3 | [01;31m[KTurtlesimCliNode[m[K::TurtlesimCliNode() : Node("turtlesim_cli_node") {
[2.279s]       | [01;31m[K^~~~~~~~~~~~~~~~[m[K
[2.279s]       | [32m[KTurtlesimCli[m[K
[2.299s] [01m[K/home/kgh/GITHUB/ROBIT_ROS2_HW/DAY1/turtlesim_cli/src/turtlesim_cli.cpp:[m[K In function ‚Äò[01m[Kint main(int, char**)[m[K‚Äô:
[2.299s] [01m[K/home/kgh/GITHUB/ROBIT_ROS2_HW/DAY1/turtlesim_cli/src/turtlesim_cli.cpp:192:34:[m[K [01;31m[Kerror: [m[K‚Äò[01m[KTurtlesimCliNode[m[K‚Äô was not declared in this scope; did you mean ‚Äò[01m[KTurtlesimCli[m[K‚Äô?
[2.299s]   192 |     auto node = std::make_shared<[01;31m[KTurtlesimCliNode[m[K>();
[2.299s]       |                                  [01;31m[K^~~~~~~~~~~~~~~~[m[K
[2.299s]       |                                  [32m[KTurtlesimCli[m[K
[2.299s] [01m[K/home/kgh/GITHUB/ROBIT_ROS2_HW/DAY1/turtlesim_cli/src/turtlesim_cli.cpp:192:51:[m[K [01;31m[Kerror: [m[Kno matching function for call to ‚Äò[01m[Kmake_shared<<expression error> >()[m[K‚Äô
[2.299s]   192 |     auto node = [01;31m[Kstd::make_shared<TurtlesimCliNode>()[m[K;
[2.300s]       |                 [01;31m[K~~~~~~~~~~~~~~~~~~~~~~~~~~~~~~~~~~^~[m[K
[2.300s] In file included from [01m[K/usr/include/c++/11/memory:77[m[K,
[2.300s]                  from [01m[K/opt/ros/humble/include/rclcpp/rclcpp/rclcpp.hpp:153[m[K,
[2.300s]                  from [01m[K/home/kgh/GITHUB/ROBIT_ROS2_HW/DAY1/turtlesim_cli/include/turtlesim_cli.hpp:4[m[K,
[2.300s]                  from [01m[K/home/kgh/GITHUB/ROBIT_ROS2_HW/DAY1/turtlesim_cli/src/turtlesim_cli.cpp:1[m[K:
[2.300s] [01m[K/usr/include/c++/11/bits/shared_ptr.h:875:5:[m[K [01;36m[Knote: [m[Kcandidate: ‚Äò[01m[Ktemplate<class _Tp, class ... _Args> std::shared_ptr<_Tp> std::make_shared(_Args&& ...)[m[K‚Äô
[2.300s]   875 |     [01;36m[Kmake_shared[m[K(_Args&&... __args)
[2.300s]       |     [01;36m[K^~~~~~~~~~~[m[K
[2.300s] [01m[K/usr/include/c++/11/bits/shared_ptr.h:875:5:[m[K [01;36m[Knote: [m[K  template argument deduction/substitution failed:
[2.300s] [01m[K/home/kgh/GITHUB/ROBIT_ROS2_HW/DAY1/turtlesim_cli/src/turtlesim_cli.cpp:192:51:[m[K [01;31m[Kerror: [m[Ktemplate argument 1 is invalid
[2.300s]   192 |     auto node = [01;31m[Kstd::make_shared<TurtlesimCliNode>()[m[K;
[2.300s]       |                 [01;31m[K~~~~~~~~~~~~~~~~~~~~~~~~~~~~~~~~~~^~[m[K
[2.635s] gmake[2]: *** [CMakeFiles/turtlesim_cli.dir/build.make:76: CMakeFiles/turtlesim_cli.dir/src/main.cpp.o] Error 1
[2.635s] gmake[2]: *** Waiting for unfinished jobs....
[3.067s] gmake[2]: *** [CMakeFiles/turtlesim_cli.dir/build.make:90: CMakeFiles/turtlesim_cli.dir/src/turtlesim_cli.cpp.o] Error 1
[3.068s] gmake[1]: *** [CMakeFiles/Makefile2:137: CMakeFiles/turtlesim_cli.dir/all] Error 2
[3.068s] gmake: *** [Makefile:146: all] Error 2
[3.071s] Invoked command in '/home/kgh/GITHUB/ROBIT_ROS2_HW/DAY1/turtlesim_cli/build/turtlesim_cli' returned '2': CMAKE_PREFIX_PATH=${CMAKE_PREFIX_PATH}:/opt/ros/humble /usr/bin/cmake --build /home/kgh/GITHUB/ROBIT_ROS2_HW/DAY1/turtlesim_cli/build/turtlesim_cli -- -j20 -l20
