[0.012s] Invoking command in '/home/kgh/GITHUB/ROBIT_ROS2_HW/DAY1/turtlesim_cli/build/turtlesim_cli': CMAKE_PREFIX_PATH=${CMAKE_PREFIX_PATH}:/opt/ros/humble /usr/bin/cmake --build /home/kgh/GITHUB/ROBIT_ROS2_HW/DAY1/turtlesim_cli/build/turtlesim_cli -- -j20 -l20
[0.056s] [35m[1mConsolidate compiler generated dependencies of target turtlesim_cli[0m
[0.077s] [ 33%] [32mBuilding CXX object CMakeFiles/turtlesim_cli.dir/src/main.cpp.o[0m
[0.080s] [ 66%] [32mBuilding CXX object CMakeFiles/turtlesim_cli.dir/src/turtlesim_cli.cpp.o[0m
[2.352s] [01m[K/home/kgh/GITHUB/ROBIT_ROS2_HW/DAY1/turtlesim_cli/src/turtlesim_cli.cpp:3:1:[m[K [01;31m[Kerror: [m[Kâ€˜[01m[KTurtlesimCliNode[m[Kâ€™ does not name a type; did you mean â€˜[01m[KTurtlesimCli[m[Kâ€™?
[2.352s]     3 | [01;31m[KTurtlesimCliNode[m[K::TurtlesimCli() : Node("turtlesim_cli") {
[2.352s]       | [01;31m[K^~~~~~~~~~~~~~~~[m[K
[2.352s]       | [32m[KTurtlesimCli[m[K
[3.160s] gmake[2]: *** [CMakeFiles/turtlesim_cli.dir/build.make:90: CMakeFiles/turtlesim_cli.dir/src/turtlesim_cli.cpp.o] Error 1
[3.160s] gmake[1]: *** [CMakeFiles/Makefile2:137: CMakeFiles/turtlesim_cli.dir/all] Error 2
[3.161s] gmake: *** [Makefile:146: all] Error 2
[3.163s] Invoked command in '/home/kgh/GITHUB/ROBIT_ROS2_HW/DAY1/turtlesim_cli/build/turtlesim_cli' returned '2': CMAKE_PREFIX_PATH=${CMAKE_PREFIX_PATH}:/opt/ros/humble /usr/bin/cmake --build /home/kgh/GITHUB/ROBIT_ROS2_HW/DAY1/turtlesim_cli/build/turtlesim_cli -- -j20 -l20
