[01m[K/home/kgh/GITHUB/ROBIT_ROS2_HW/DAY1/turtlesim_cli/src/turtlesim_cli.cpp:[m[K In member function â€˜[01m[Kvoid TurtleSimCLI::setPen()[m[Kâ€™:
[01m[K/home/kgh/GITHUB/ROBIT_ROS2_HW/DAY1/turtlesim_cli/src/turtlesim_cli.cpp:154:43:[m[K [01;31m[Kerror: [m[Kno matching function for call to â€˜[01m[Kspin_until_future_complete(TurtleSimCLI*, rclcpp::Client<turtlesim::srv::SetPen>::FutureAndRequestId&)[m[Kâ€™
  154 |     if ([01;31m[Krclcpp::spin_until_future_complete(this, result_future)[m[K == rclcpp::FutureReturnCode::SUCCESS) {
      |         [01;31m[K~~~~~~~~~~~~~~~~~~~~~~~~~~~~~~~~~~^~~~~~~~~~~~~~~~~~~~~[m[K
In file included from [01m[K/opt/ros/humble/include/rclcpp/rclcpp/rclcpp.hpp:155[m[K,
                 from [01m[K/home/kgh/GITHUB/ROBIT_ROS2_HW/DAY1/turtlesim_cli/include/turtlesim_cli.hpp:4[m[K,
                 from [01m[K/home/kgh/GITHUB/ROBIT_ROS2_HW/DAY1/turtlesim_cli/src/turtlesim_cli.cpp:1[m[K:
[01m[K/opt/ros/humble/include/rclcpp/rclcpp/executors.hpp:105:1:[m[K [01;36m[Knote: [m[Kcandidate: â€˜[01m[Ktemplate<class FutureT, class TimeRepT, class TimeT> rclcpp::FutureReturnCode rclcpp::spin_until_future_complete(rclcpp::node_interfaces::NodeBaseInterface::SharedPtr, const FutureT&, std::chrono::duration<_Rep, _Period>)[m[Kâ€™
  105 | [01;36m[Kspin_until_future_complete[m[K(
      | [01;36m[K^~~~~~~~~~~~~~~~~~~~~~~~~~[m[K
[01m[K/opt/ros/humble/include/rclcpp/rclcpp/executors.hpp:105:1:[m[K [01;36m[Knote: [m[K  template argument deduction/substitution failed:
[01m[K/home/kgh/GITHUB/ROBIT_ROS2_HW/DAY1/turtlesim_cli/src/turtlesim_cli.cpp:154:44:[m[K [01;36m[Knote: [m[K  cannot convert â€˜[01m[K(TurtleSimCLI*)this[m[Kâ€™ (type â€˜[01m[KTurtleSimCLI*[m[Kâ€™) to type â€˜[01m[Krclcpp::node_interfaces::NodeBaseInterface::SharedPtr[m[Kâ€™ {aka â€˜[01m[Kstd::shared_ptr<rclcpp::node_interfaces::NodeBaseInterface>[m[Kâ€™}
  154 |     if (rclcpp::spin_until_future_complete([01;36m[Kthis[m[K, result_future) == rclcpp::FutureReturnCode::SUCCESS) {
      |                                            [01;36m[K^~~~[m[K
In file included from [01m[K/opt/ros/humble/include/rclcpp/rclcpp/rclcpp.hpp:155[m[K,
                 from [01m[K/home/kgh/GITHUB/ROBIT_ROS2_HW/DAY1/turtlesim_cli/include/turtlesim_cli.hpp:4[m[K,
                 from [01m[K/home/kgh/GITHUB/ROBIT_ROS2_HW/DAY1/turtlesim_cli/src/turtlesim_cli.cpp:1[m[K:
[01m[K/opt/ros/humble/include/rclcpp/rclcpp/executors.hpp:117:1:[m[K [01;36m[Knote: [m[Kcandidate: â€˜[01m[Ktemplate<class NodeT, class FutureT, class TimeRepT, class TimeT> rclcpp::FutureReturnCode rclcpp::spin_until_future_complete(std::shared_ptr<_Tp>, const FutureT&, std::chrono::duration<_Rep2, _Period2>)[m[Kâ€™
  117 | [01;36m[Kspin_until_future_complete[m[K(
      | [01;36m[K^~~~~~~~~~~~~~~~~~~~~~~~~~[m[K
[01m[K/opt/ros/humble/include/rclcpp/rclcpp/executors.hpp:117:1:[m[K [01;36m[Knote: [m[K  template argument deduction/substitution failed:
[01m[K/home/kgh/GITHUB/ROBIT_ROS2_HW/DAY1/turtlesim_cli/src/turtlesim_cli.cpp:154:43:[m[K [01;36m[Knote: [m[K  mismatched types â€˜[01m[Kstd::shared_ptr<_Tp>[m[Kâ€™ and â€˜[01m[KTurtleSimCLI*[m[Kâ€™
  154 |     if ([01;36m[Krclcpp::spin_until_future_complete(this, result_future)[m[K == rclcpp::FutureReturnCode::SUCCESS) {
      |         [01;36m[K~~~~~~~~~~~~~~~~~~~~~~~~~~~~~~~~~~^~~~~~~~~~~~~~~~~~~~~[m[K
gmake[2]: *** [CMakeFiles/turtlesim_cli.dir/build.make:90: CMakeFiles/turtlesim_cli.dir/src/turtlesim_cli.cpp.o] Error 1
gmake[1]: *** [CMakeFiles/Makefile2:137: CMakeFiles/turtlesim_cli.dir/all] Error 2
gmake: *** [Makefile:146: all] Error 2
