[0.008s] Invoking command in '/home/kgh/GITHUB/ROBIT_ROS2_HW/DAY1/turtlesim_cli/build/turtlesim_cli': CMAKE_PREFIX_PATH=${CMAKE_PREFIX_PATH}:/opt/ros/humble /usr/bin/cmake --build /home/kgh/GITHUB/ROBIT_ROS2_HW/DAY1/turtlesim_cli/build/turtlesim_cli -- -j20 -l20
[0.040s] [35m[1mConsolidate compiler generated dependencies of target turtlesim_cli[0m
[0.056s] [ 25%] [32mBuilding CXX object CMakeFiles/turtlesim_cli.dir/src/turtlesim_cli.cpp.o[0m
[1.470s] [01m[K/home/kgh/GITHUB/ROBIT_ROS2_HW/DAY1/turtlesim_cli/src/turtlesim_cli.cpp:[m[K In member function â€˜[01m[Kvoid TurtleSimCLI::setPen()[m[Kâ€™:
[1.471s] [01m[K/home/kgh/GITHUB/ROBIT_ROS2_HW/DAY1/turtlesim_cli/src/turtlesim_cli.cpp:154:43:[m[K [01;31m[Kerror: [m[Kno matching function for call to â€˜[01m[Kspin_until_future_complete(TurtleSimCLI*, rclcpp::Client<turtlesim::srv::SetPen>::FutureAndRequestId&)[m[Kâ€™
[1.471s]   154 |     if ([01;31m[Krclcpp::spin_until_future_complete(this, result_future)[m[K == rclcpp::FutureReturnCode::SUCCESS) {
[1.471s]       |         [01;31m[K~~~~~~~~~~~~~~~~~~~~~~~~~~~~~~~~~~^~~~~~~~~~~~~~~~~~~~~[m[K
[1.480s] In file included from [01m[K/opt/ros/humble/include/rclcpp/rclcpp/rclcpp.hpp:155[m[K,
[1.480s]                  from [01m[K/home/kgh/GITHUB/ROBIT_ROS2_HW/DAY1/turtlesim_cli/include/turtlesim_cli.hpp:4[m[K,
[1.480s]                  from [01m[K/home/kgh/GITHUB/ROBIT_ROS2_HW/DAY1/turtlesim_cli/src/turtlesim_cli.cpp:1[m[K:
[1.480s] [01m[K/opt/ros/humble/include/rclcpp/rclcpp/executors.hpp:105:1:[m[K [01;36m[Knote: [m[Kcandidate: â€˜[01m[Ktemplate<class FutureT, class TimeRepT, class TimeT> rclcpp::FutureReturnCode rclcpp::spin_until_future_complete(rclcpp::node_interfaces::NodeBaseInterface::SharedPtr, const FutureT&, std::chrono::duration<_Rep, _Period>)[m[Kâ€™
[1.480s]   105 | [01;36m[Kspin_until_future_complete[m[K(
[1.480s]       | [01;36m[K^~~~~~~~~~~~~~~~~~~~~~~~~~[m[K
[1.480s] [01m[K/opt/ros/humble/include/rclcpp/rclcpp/executors.hpp:105:1:[m[K [01;36m[Knote: [m[K  template argument deduction/substitution failed:
[1.480s] [01m[K/home/kgh/GITHUB/ROBIT_ROS2_HW/DAY1/turtlesim_cli/src/turtlesim_cli.cpp:154:44:[m[K [01;36m[Knote: [m[K  cannot convert â€˜[01m[K(TurtleSimCLI*)this[m[Kâ€™ (type â€˜[01m[KTurtleSimCLI*[m[Kâ€™) to type â€˜[01m[Krclcpp::node_interfaces::NodeBaseInterface::SharedPtr[m[Kâ€™ {aka â€˜[01m[Kstd::shared_ptr<rclcpp::node_interfaces::NodeBaseInterface>[m[Kâ€™}
[1.480s]   154 |     if (rclcpp::spin_until_future_complete([01;36m[Kthis[m[K, result_future) == rclcpp::FutureReturnCode::SUCCESS) {
[1.480s]       |                                            [01;36m[K^~~~[m[K
[1.480s] In file included from [01m[K/opt/ros/humble/include/rclcpp/rclcpp/rclcpp.hpp:155[m[K,
[1.480s]                  from [01m[K/home/kgh/GITHUB/ROBIT_ROS2_HW/DAY1/turtlesim_cli/include/turtlesim_cli.hpp:4[m[K,
[1.480s]                  from [01m[K/home/kgh/GITHUB/ROBIT_ROS2_HW/DAY1/turtlesim_cli/src/turtlesim_cli.cpp:1[m[K:
[1.481s] [01m[K/opt/ros/humble/include/rclcpp/rclcpp/executors.hpp:117:1:[m[K [01;36m[Knote: [m[Kcandidate: â€˜[01m[Ktemplate<class NodeT, class FutureT, class TimeRepT, class TimeT> rclcpp::FutureReturnCode rclcpp::spin_until_future_complete(std::shared_ptr<_Tp>, const FutureT&, std::chrono::duration<_Rep2, _Period2>)[m[Kâ€™
[1.481s]   117 | [01;36m[Kspin_until_future_complete[m[K(
[1.481s]       | [01;36m[K^~~~~~~~~~~~~~~~~~~~~~~~~~[m[K
[1.481s] [01m[K/opt/ros/humble/include/rclcpp/rclcpp/executors.hpp:117:1:[m[K [01;36m[Knote: [m[K  template argument deduction/substitution failed:
[1.481s] [01m[K/home/kgh/GITHUB/ROBIT_ROS2_HW/DAY1/turtlesim_cli/src/turtlesim_cli.cpp:154:43:[m[K [01;36m[Knote: [m[K  mismatched types â€˜[01m[Kstd::shared_ptr<_Tp>[m[Kâ€™ and â€˜[01m[KTurtleSimCLI*[m[Kâ€™
[1.481s]   154 |     if ([01;36m[Krclcpp::spin_until_future_complete(this, result_future)[m[K == rclcpp::FutureReturnCode::SUCCESS) {
[1.481s]       |         [01;36m[K~~~~~~~~~~~~~~~~~~~~~~~~~~~~~~~~~~^~~~~~~~~~~~~~~~~~~~~[m[K
[1.900s] gmake[2]: *** [CMakeFiles/turtlesim_cli.dir/build.make:90: CMakeFiles/turtlesim_cli.dir/src/turtlesim_cli.cpp.o] Error 1
[1.900s] gmake[1]: *** [CMakeFiles/Makefile2:137: CMakeFiles/turtlesim_cli.dir/all] Error 2
[1.900s] gmake: *** [Makefile:146: all] Error 2
[1.902s] Invoked command in '/home/kgh/GITHUB/ROBIT_ROS2_HW/DAY1/turtlesim_cli/build/turtlesim_cli' returned '2': CMAKE_PREFIX_PATH=${CMAKE_PREFIX_PATH}:/opt/ros/humble /usr/bin/cmake --build /home/kgh/GITHUB/ROBIT_ROS2_HW/DAY1/turtlesim_cli/build/turtlesim_cli -- -j20 -l20
