[01m[Kcc1plus:[m[K [01;31m[Kfatal error: [m[K/home/kgh/GITHUB/ROBIT_ROS2_HW/DAY1/turtlesim_cli/src/main.cpp: No such file or directory
compilation terminated.
gmake[2]: *** [CMakeFiles/turtlesim_cli.dir/build.make:76: CMakeFiles/turtlesim_cli.dir/src/main.cpp.o] Error 1
gmake[2]: *** Waiting for unfinished jobs....
gmake[1]: *** [CMakeFiles/Makefile2:137: CMakeFiles/turtlesim_cli.dir/all] Error 2
gmake: *** [Makefile:146: all] Error 2
