[35m[1mConsolidate compiler generated dependencies of target turtlesim_cli[0m
[ 33%] [32mBuilding CXX object CMakeFiles/turtlesim_cli.dir/src/turtlesim_cli.cpp.o[0m
[01m[K/home/kgh/GITHUB/ROBIT_ROS2_HW/DAY1/turtlesim_cli/src/turtlesim_cli.cpp:18:22:[m[K [01;35m[Kwarning: [m[Kmissing terminating " character
   18 |         std::cout << [01;35m[K"[m[K\n1: ì¡°ì¢…\n
      |                      [01;35m[K^[m[K
[01m[K/home/kgh/GITHUB/ROBIT_ROS2_HW/DAY1/turtlesim_cli/src/turtlesim_cli.cpp:18:22:[m[K [01;31m[Kerror: [m[Kmissing terminating " character
   18 |         std::cout << [01;31m[K"\n1: ì¡°ì¢…\n[m[K
      |                      [01;31m[K^~~~~~~~~~~~[m[K
[01m[K/home/kgh/GITHUB/ROBIT_ROS2_HW/DAY1/turtlesim_cli/src/turtlesim_cli.cpp:19:23:[m[K [01;31m[Kerror: [m[Kstray â€˜[01m[K\[m[Kâ€™ in program
   19 |         2: ë°°ê²½ìƒ‰ ì„¤ì •[01;31m[K\[m[Kn
      |                       [01;31m[K^[m[K
[01m[K/home/kgh/GITHUB/ROBIT_ROS2_HW/DAY1/turtlesim_cli/src/turtlesim_cli.cpp:20:23:[m[K [01;31m[Kerror: [m[Kstray â€˜[01m[K\[m[Kâ€™ in program
   20 |         3: ê±°ë¶ì´ ì„¤ì •[01;31m[K\[m[Kn
      |                       [01;31m[K^[m[K
[01m[K/home/kgh/GITHUB/ROBIT_ROS2_HW/DAY1/turtlesim_cli/src/turtlesim_cli.cpp:21:20:[m[K [01;31m[Kerror: [m[Kstray â€˜[01m[K\[m[Kâ€™ in program
   21 |         4: Pen ì„¤ì •[01;31m[K\[m[Kn
      |                    [01;31m[K^[m[K
[01m[K/home/kgh/GITHUB/ROBIT_ROS2_HW/DAY1/turtlesim_cli/src/turtlesim_cli.cpp:22:16:[m[K [01;31m[Kerror: [m[Kstray â€˜[01m[K\[m[Kâ€™ in program
   22 |         5: ì¢…ë£Œ[01;31m[K\[m[Kn";
      |                [01;31m[K^[m[K
[01m[K/home/kgh/GITHUB/ROBIT_ROS2_HW/DAY1/turtlesim_cli/src/turtlesim_cli.cpp:22:18:[m[K [01;35m[Kwarning: [m[Kmissing terminating " character
   22 |         5: ì¢…ë£Œ\n[01;35m[K"[m[K;
      |                  [01;35m[K^[m[K
[01m[K/home/kgh/GITHUB/ROBIT_ROS2_HW/DAY1/turtlesim_cli/src/turtlesim_cli.cpp:22:18:[m[K [01;31m[Kerror: [m[Kmissing terminating " character
   22 |         5: ì¢…ë£Œ\n[01;31m[K";[m[K
      |                  [01;31m[K^~[m[K
[01m[K/home/kgh/GITHUB/ROBIT_ROS2_HW/DAY1/turtlesim_cli/src/turtlesim_cli.cpp:[m[K In member function â€˜[01m[Kvoid TurtlesimCli::start_cli()[m[Kâ€™:
[01m[K/home/kgh/GITHUB/ROBIT_ROS2_HW/DAY1/turtlesim_cli/src/turtlesim_cli.cpp:19:10:[m[K [01;31m[Kerror: [m[Kexpected â€˜[01m[K;[m[Kâ€™ before â€˜[01m[K:[m[Kâ€™ token
   19 |         2[01;31m[K:[m[K ë°°ê²½ìƒ‰ ì„¤ì •\n
      |          [01;31m[K^[m[K
      |          [32m[K;[m[K
[01m[K/home/kgh/GITHUB/ROBIT_ROS2_HW/DAY1/turtlesim_cli/src/turtlesim_cli.cpp:25:21:[m[K [01;31m[Kerror: [m[Kâ€˜[01m[Kmode_number[m[Kâ€™ was not declared in this scope
   25 |         std::cin >> [01;31m[Kmode_number[m[K;
      |                     [01;31m[K^~~~~~~~~~~[m[K
gmake[2]: *** [CMakeFiles/turtlesim_cli.dir/build.make:90: CMakeFiles/turtlesim_cli.dir/src/turtlesim_cli.cpp.o] Error 1
gmake[1]: *** [CMakeFiles/Makefile2:137: CMakeFiles/turtlesim_cli.dir/all] Error 2
gmake: *** [Makefile:146: all] Error 2
