[0.009s] Invoking command in '/home/kgh/GITHUB/ROBIT_ROS2_HW/DAY1/turtlesim_cli/build/turtlesim_cli': CMAKE_PREFIX_PATH=${CMAKE_PREFIX_PATH}:/opt/ros/humble /usr/bin/cmake --build /home/kgh/GITHUB/ROBIT_ROS2_HW/DAY1/turtlesim_cli/build/turtlesim_cli -- -j20 -l20
[0.045s] [35m[1mConsolidate compiler generated dependencies of target turtlesim_cli[0m
[0.062s] [ 33%] [32mBuilding CXX object CMakeFiles/turtlesim_cli.dir/src/turtlesim_cli.cpp.o[0m
[0.211s] [01m[K/home/kgh/GITHUB/ROBIT_ROS2_HW/DAY1/turtlesim_cli/src/turtlesim_cli.cpp:18:22:[m[K [01;35m[Kwarning: [m[Kmissing terminating " character
[0.211s]    18 |         std::cout << [01;35m[K"[m[K\n1: ì¡°ì¢…\n
[0.211s]       |                      [01;35m[K^[m[K
[0.211s] [01m[K/home/kgh/GITHUB/ROBIT_ROS2_HW/DAY1/turtlesim_cli/src/turtlesim_cli.cpp:18:22:[m[K [01;31m[Kerror: [m[Kmissing terminating " character
[0.211s]    18 |         std::cout << [01;31m[K"\n1: ì¡°ì¢…\n[m[K
[0.211s]       |                      [01;31m[K^~~~~~~~~~~~[m[K
[0.211s] [01m[K/home/kgh/GITHUB/ROBIT_ROS2_HW/DAY1/turtlesim_cli/src/turtlesim_cli.cpp:19:23:[m[K [01;31m[Kerror: [m[Kstray â€˜[01m[K\[m[Kâ€™ in program
[0.211s]    19 |         2: ë°°ê²½ìƒ‰ ì„¤ì •[01;31m[K\[m[Kn
[0.211s]       |                       [01;31m[K^[m[K
[0.211s] [01m[K/home/kgh/GITHUB/ROBIT_ROS2_HW/DAY1/turtlesim_cli/src/turtlesim_cli.cpp:20:23:[m[K [01;31m[Kerror: [m[Kstray â€˜[01m[K\[m[Kâ€™ in program
[0.212s]    20 |         3: ê±°ë¶ì´ ì„¤ì •[01;31m[K\[m[Kn
[0.212s]       |                       [01;31m[K^[m[K
[0.212s] [01m[K/home/kgh/GITHUB/ROBIT_ROS2_HW/DAY1/turtlesim_cli/src/turtlesim_cli.cpp:21:20:[m[K [01;31m[Kerror: [m[Kstray â€˜[01m[K\[m[Kâ€™ in program
[0.212s]    21 |         4: Pen ì„¤ì •[01;31m[K\[m[Kn
[0.212s]       |                    [01;31m[K^[m[K
[0.212s] [01m[K/home/kgh/GITHUB/ROBIT_ROS2_HW/DAY1/turtlesim_cli/src/turtlesim_cli.cpp:22:16:[m[K [01;31m[Kerror: [m[Kstray â€˜[01m[K\[m[Kâ€™ in program
[0.212s]    22 |         5: ì¢…ë£Œ[01;31m[K\[m[Kn";
[0.212s]       |                [01;31m[K^[m[K
[0.212s] [01m[K/home/kgh/GITHUB/ROBIT_ROS2_HW/DAY1/turtlesim_cli/src/turtlesim_cli.cpp:22:18:[m[K [01;35m[Kwarning: [m[Kmissing terminating " character
[0.212s]    22 |         5: ì¢…ë£Œ\n[01;35m[K"[m[K;
[0.212s]       |                  [01;35m[K^[m[K
[0.212s] [01m[K/home/kgh/GITHUB/ROBIT_ROS2_HW/DAY1/turtlesim_cli/src/turtlesim_cli.cpp:22:18:[m[K [01;31m[Kerror: [m[Kmissing terminating " character
[0.212s]    22 |         5: ì¢…ë£Œ\n[01;31m[K";[m[K
[0.212s]       |                  [01;31m[K^~[m[K
[2.039s] [01m[K/home/kgh/GITHUB/ROBIT_ROS2_HW/DAY1/turtlesim_cli/src/turtlesim_cli.cpp:[m[K In member function â€˜[01m[Kvoid TurtlesimCli::start_cli()[m[Kâ€™:
[2.039s] [01m[K/home/kgh/GITHUB/ROBIT_ROS2_HW/DAY1/turtlesim_cli/src/turtlesim_cli.cpp:19:10:[m[K [01;31m[Kerror: [m[Kexpected â€˜[01m[K;[m[Kâ€™ before â€˜[01m[K:[m[Kâ€™ token
[2.039s]    19 |         2[01;31m[K:[m[K ë°°ê²½ìƒ‰ ì„¤ì •\n
[2.039s]       |          [01;31m[K^[m[K
[2.039s]       |          [32m[K;[m[K
[2.045s] [01m[K/home/kgh/GITHUB/ROBIT_ROS2_HW/DAY1/turtlesim_cli/src/turtlesim_cli.cpp:25:21:[m[K [01;31m[Kerror: [m[Kâ€˜[01m[Kmode_number[m[Kâ€™ was not declared in this scope
[2.045s]    25 |         std::cin >> [01;31m[Kmode_number[m[K;
[2.045s]       |                     [01;31m[K^~~~~~~~~~~[m[K
[3.516s] gmake[2]: *** [CMakeFiles/turtlesim_cli.dir/build.make:90: CMakeFiles/turtlesim_cli.dir/src/turtlesim_cli.cpp.o] Error 1
[3.516s] gmake[1]: *** [CMakeFiles/Makefile2:137: CMakeFiles/turtlesim_cli.dir/all] Error 2
[3.517s] gmake: *** [Makefile:146: all] Error 2
[3.520s] Invoked command in '/home/kgh/GITHUB/ROBIT_ROS2_HW/DAY1/turtlesim_cli/build/turtlesim_cli' returned '2': CMAKE_PREFIX_PATH=${CMAKE_PREFIX_PATH}:/opt/ros/humble /usr/bin/cmake --build /home/kgh/GITHUB/ROBIT_ROS2_HW/DAY1/turtlesim_cli/build/turtlesim_cli -- -j20 -l20
