[0.008s] Invoking command in '/home/kgh/GITHUB/ROBIT_ROS2_HW/DAY1/turtlesim_cli/build/turtlesim_cli': CMAKE_PREFIX_PATH=${CMAKE_PREFIX_PATH}:/opt/ros/humble /usr/bin/cmake --build /home/kgh/GITHUB/ROBIT_ROS2_HW/DAY1/turtlesim_cli/build/turtlesim_cli -- -j20 -l20
[0.039s] [35m[1mConsolidate compiler generated dependencies of target turtlesim_cli[0m
[0.055s] [ 25%] [32mBuilding CXX object CMakeFiles/turtlesim_cli.dir/src/turtlesim_cli.cpp.o[0m
[1.384s] [01m[K/home/kgh/GITHUB/ROBIT_ROS2_HW/DAY1/turtlesim_cli/src/turtlesim_cli.cpp:[m[K In member function â€˜[01m[Kvoid TurtleSimCLI::set_background_color()[m[Kâ€™:
[1.384s] [01m[K/home/kgh/GITHUB/ROBIT_ROS2_HW/DAY1/turtlesim_cli/src/turtlesim_cli.cpp:91:120:[m[K [01;31m[Kerror: [m[Kreference to â€˜[01m[Kshared_from_this[m[Kâ€™ is ambiguous
[1.384s]    91 | etersClient>(std::static_pointer_cast<TurtleSimCLI>([01;31m[Kshared_from_this[m[K()), "turtlesim");
[1.384s]       |                                                     [01;31m[K^~~~~~~~~~~~~~~~[m[K
[1.384s] 
[1.384s] In file included from [01m[K/usr/include/c++/11/memory:77[m[K,
[1.384s]                  from [01m[K/opt/ros/humble/include/rclcpp/rclcpp/rclcpp.hpp:153[m[K,
[1.384s]                  from [01m[K/home/kgh/GITHUB/ROBIT_ROS2_HW/DAY1/turtlesim_cli/include/turtlesim_cli.hpp:4[m[K,
[1.384s]                  from [01m[K/home/kgh/GITHUB/ROBIT_ROS2_HW/DAY1/turtlesim_cli/src/turtlesim_cli.cpp:1[m[K:
[1.384s] [01m[K/usr/include/c++/11/bits/shared_ptr.h:811:7:[m[K [01;36m[Knote: [m[Kcandidates are: â€˜[01m[Kstd::shared_ptr<const _Tp> std::enable_shared_from_this<_Tp>::shared_from_this() const [with _Tp = TurtleSimCLI][m[Kâ€™
[1.384s]   811 |       [01;36m[Kshared_from_this[m[K() const
[1.384s]       |       [01;36m[K^~~~~~~~~~~~~~~~[m[K
[1.384s] [01m[K/usr/include/c++/11/bits/shared_ptr.h:807:7:[m[K [01;36m[Knote: [m[K                â€˜[01m[Kstd::shared_ptr<_Tp> std::enable_shared_from_this<_Tp>::shared_from_this() [with _Tp = TurtleSimCLI][m[Kâ€™
[1.384s]   807 |       [01;36m[Kshared_from_this[m[K()
[1.384s]       |       [01;36m[K^~~~~~~~~~~~~~~~[m[K
[1.384s] [01m[K/usr/include/c++/11/bits/shared_ptr.h:811:7:[m[K [01;36m[Knote: [m[K                â€˜[01m[Kstd::shared_ptr<const _Tp> std::enable_shared_from_this<_Tp>::shared_from_this() const [with _Tp = rclcpp::Node][m[Kâ€™
[1.384s]   811 |       [01;36m[Kshared_from_this[m[K() const
[1.384s]       |       [01;36m[K^~~~~~~~~~~~~~~~[m[K
[1.384s] [01m[K/usr/include/c++/11/bits/shared_ptr.h:807:7:[m[K [01;36m[Knote: [m[K                â€˜[01m[Kstd::shared_ptr<_Tp> std::enable_shared_from_this<_Tp>::shared_from_this() [with _Tp = rclcpp::Node][m[Kâ€™
[1.384s]   807 |       [01;36m[Kshared_from_this[m[K()
[1.384s]       |       [01;36m[K^~~~~~~~~~~~~~~~[m[K
[1.385s] [01m[K/home/kgh/GITHUB/ROBIT_ROS2_HW/DAY1/turtlesim_cli/src/turtlesim_cli.cpp:102:58:[m[K [01;31m[Kerror: [m[Krequest for member â€˜[01m[Kshared_from_this[m[Kâ€™ is ambiguous
[1.385s]   102 |        if (rclcpp::spin_until_future_complete(this->[01;31m[Kshared_from_this[m[K(), result) == rclcpp::FutureReturnCode::SUCCESS) {
[1.385s]       |                                                     [01;31m[K^~~~~~~~~~~~~~~~[m[K
[1.385s] 
[1.385s] In file included from [01m[K/usr/include/c++/11/memory:77[m[K,
[1.385s]                  from [01m[K/opt/ros/humble/include/rclcpp/rclcpp/rclcpp.hpp:153[m[K,
[1.385s]                  from [01m[K/home/kgh/GITHUB/ROBIT_ROS2_HW/DAY1/turtlesim_cli/include/turtlesim_cli.hpp:4[m[K,
[1.385s]                  from [01m[K/home/kgh/GITHUB/ROBIT_ROS2_HW/DAY1/turtlesim_cli/src/turtlesim_cli.cpp:1[m[K:
[1.385s] [01m[K/usr/include/c++/11/bits/shared_ptr.h:811:7:[m[K [01;36m[Knote: [m[Kcandidates are: â€˜[01m[Kstd::shared_ptr<const _Tp> std::enable_shared_from_this<_Tp>::shared_from_this() const [with _Tp = TurtleSimCLI][m[Kâ€™
[1.385s]   811 |       [01;36m[Kshared_from_this[m[K() const
[1.385s]       |       [01;36m[K^~~~~~~~~~~~~~~~[m[K
[1.385s] [01m[K/usr/include/c++/11/bits/shared_ptr.h:807:7:[m[K [01;36m[Knote: [m[K                â€˜[01m[Kstd::shared_ptr<_Tp> std::enable_shared_from_this<_Tp>::shared_from_this() [with _Tp = TurtleSimCLI][m[Kâ€™
[1.385s]   807 |       [01;36m[Kshared_from_this[m[K()
[1.385s]       |       [01;36m[K^~~~~~~~~~~~~~~~[m[K
[1.385s] [01m[K/usr/include/c++/11/bits/shared_ptr.h:811:7:[m[K [01;36m[Knote: [m[K                â€˜[01m[Kstd::shared_ptr<const _Tp> std::enable_shared_from_this<_Tp>::shared_from_this() const [with _Tp = rclcpp::Node][m[Kâ€™
[1.385s]   811 |       [01;36m[Kshared_from_this[m[K() const
[1.385s]       |       [01;36m[K^~~~~~~~~~~~~~~~[m[K
[1.385s] [01m[K/usr/include/c++/11/bits/shared_ptr.h:807:7:[m[K [01;36m[Knote: [m[K                â€˜[01m[Kstd::shared_ptr<_Tp> std::enable_shared_from_this<_Tp>::shared_from_this() [with _Tp = rclcpp::Node][m[Kâ€™
[1.385s]   807 |       [01;36m[Kshared_from_this[m[K()
[1.385s]       |       [01;36m[K^~~~~~~~~~~~~~~~[m[K
[1.415s] [01m[K/home/kgh/GITHUB/ROBIT_ROS2_HW/DAY1/turtlesim_cli/src/turtlesim_cli.cpp:[m[K In member function â€˜[01m[Kvoid TurtleSimCLI::setPen()[m[Kâ€™:
[1.415s] [01m[K/home/kgh/GITHUB/ROBIT_ROS2_HW/DAY1/turtlesim_cli/src/turtlesim_cli.cpp:159:44:[m[K [01;31m[Kerror: [m[Kreference to â€˜[01m[Kshared_from_this[m[Kâ€™ is ambiguous
[1.415s]   159 |     if (rclcpp::spin_until_future_complete([01;31m[Kshared_from_this[m[K(), result_future) == rclcpp::FutureReturnCode::SUCCESS) {
[1.415s]       |                                            [01;31m[K^~~~~~~~~~~~~~~~[m[K
[1.415s] In file included from [01m[K/usr/include/c++/11/memory:77[m[K,
[1.415s]                  from [01m[K/opt/ros/humble/include/rclcpp/rclcpp/rclcpp.hpp:153[m[K,
[1.415s]                  from [01m[K/home/kgh/GITHUB/ROBIT_ROS2_HW/DAY1/turtlesim_cli/include/turtlesim_cli.hpp:4[m[K,
[1.415s]                  from [01m[K/home/kgh/GITHUB/ROBIT_ROS2_HW/DAY1/turtlesim_cli/src/turtlesim_cli.cpp:1[m[K:
[1.415s] [01m[K/usr/include/c++/11/bits/shared_ptr.h:811:7:[m[K [01;36m[Knote: [m[Kcandidates are: â€˜[01m[Kstd::shared_ptr<const _Tp> std::enable_shared_from_this<_Tp>::shared_from_this() const [with _Tp = TurtleSimCLI][m[Kâ€™
[1.415s]   811 |       [01;36m[Kshared_from_this[m[K() const
[1.415s]       |       [01;36m[K^~~~~~~~~~~~~~~~[m[K
[1.415s] [01m[K/usr/include/c++/11/bits/shared_ptr.h:807:7:[m[K [01;36m[Knote: [m[K                â€˜[01m[Kstd::shared_ptr<_Tp> std::enable_shared_from_this<_Tp>::shared_from_this() [with _Tp = TurtleSimCLI][m[Kâ€™
[1.415s]   807 |       [01;36m[Kshared_from_this[m[K()
[1.415s]       |       [01;36m[K^~~~~~~~~~~~~~~~[m[K
[1.415s] [01m[K/usr/include/c++/11/bits/shared_ptr.h:811:7:[m[K [01;36m[Knote: [m[K                â€˜[01m[Kstd::shared_ptr<const _Tp> std::enable_shared_from_this<_Tp>::shared_from_this() const [with _Tp = rclcpp::Node][m[Kâ€™
[1.415s]   811 |       [01;36m[Kshared_from_this[m[K() const
[1.415s]       |       [01;36m[K^~~~~~~~~~~~~~~~[m[K
[1.416s] [01m[K/usr/include/c++/11/bits/shared_ptr.h:807:7:[m[K [01;36m[Knote: [m[K                â€˜[01m[Kstd::shared_ptr<_Tp> std::enable_shared_from_this<_Tp>::shared_from_this() [with _Tp = rclcpp::Node][m[Kâ€™
[1.416s]   807 |       [01;36m[Kshared_from_this[m[K()
[1.416s]       |       [01;36m[K^~~~~~~~~~~~~~~~[m[K
[1.811s] gmake[2]: *** [CMakeFiles/turtlesim_cli.dir/build.make:90: CMakeFiles/turtlesim_cli.dir/src/turtlesim_cli.cpp.o] Error 1
[1.811s] gmake[1]: *** [CMakeFiles/Makefile2:137: CMakeFiles/turtlesim_cli.dir/all] Error 2
[1.811s] gmake: *** [Makefile:146: all] Error 2
[1.813s] Invoked command in '/home/kgh/GITHUB/ROBIT_ROS2_HW/DAY1/turtlesim_cli/build/turtlesim_cli' returned '2': CMAKE_PREFIX_PATH=${CMAKE_PREFIX_PATH}:/opt/ros/humble /usr/bin/cmake --build /home/kgh/GITHUB/ROBIT_ROS2_HW/DAY1/turtlesim_cli/build/turtlesim_cli -- -j20 -l20
