[0.007s] Invoking command in '/home/kgh/GITHUB/ROBIT_ROS2_HW/DAY1/turtlesim_cli/build/turtlesim_cli': CMAKE_PREFIX_PATH=${CMAKE_PREFIX_PATH}:/opt/ros/humble /usr/bin/cmake --build /home/kgh/GITHUB/ROBIT_ROS2_HW/DAY1/turtlesim_cli/build/turtlesim_cli -- -j20 -l20
[0.036s] [35m[1mConsolidate compiler generated dependencies of target turtlesim_cli[0m
[0.051s] [ 25%] [32mBuilding CXX object CMakeFiles/turtlesim_cli.dir/src/turtlesim_cli.cpp.o[0m
[0.052s] [ 50%] [32mBuilding CXX object CMakeFiles/turtlesim_cli.dir/src/turtlesim_control.cpp.o[0m
[1.478s] [01m[K/home/kgh/GITHUB/ROBIT_ROS2_HW/DAY1/turtlesim_cli/src/turtlesim_cli.cpp:[m[K In member function â€˜[01m[Kvoid TurtleSimCLI::setBackgroundColor()[m[Kâ€™:
[1.478s] [01m[K/home/kgh/GITHUB/ROBIT_ROS2_HW/DAY1/turtlesim_cli/src/turtlesim_cli.cpp:92:83:[m[K [01;31m[Kerror: [m[Krequest for member â€˜[01m[Kshared_from_this[m[Kâ€™ is ambiguous
[1.478s]    92 | d::make_shared<rclcpp::AsyncParametersClient>(this->[01;31m[Kshared_from_this[m[K(), "turtlesim");
[1.478s]       |                                                     [01;31m[K^~~~~~~~~~~~~~~~[m[K
[1.478s] 
[1.478s] In file included from [01m[K/usr/include/c++/11/memory:77[m[K,
[1.478s]                  from [01m[K/opt/ros/humble/include/rclcpp/rclcpp/rclcpp.hpp:153[m[K,
[1.478s]                  from [01m[K/home/kgh/GITHUB/ROBIT_ROS2_HW/DAY1/turtlesim_cli/include/turtlesim_cli.hpp:4[m[K,
[1.478s]                  from [01m[K/home/kgh/GITHUB/ROBIT_ROS2_HW/DAY1/turtlesim_cli/src/turtlesim_cli.cpp:1[m[K:
[1.478s] [01m[K/usr/include/c++/11/bits/shared_ptr.h:811:7:[m[K [01;36m[Knote: [m[Kcandidates are: â€˜[01m[Kstd::shared_ptr<const _Tp> std::enable_shared_from_this<_Tp>::shared_from_this() const [with _Tp = TurtleSimCLI][m[Kâ€™
[1.479s]   811 |       [01;36m[Kshared_from_this[m[K() const
[1.479s]       |       [01;36m[K^~~~~~~~~~~~~~~~[m[K
[1.479s] [01m[K/usr/include/c++/11/bits/shared_ptr.h:807:7:[m[K [01;36m[Knote: [m[K                â€˜[01m[Kstd::shared_ptr<_Tp> std::enable_shared_from_this<_Tp>::shared_from_this() [with _Tp = TurtleSimCLI][m[Kâ€™
[1.479s]   807 |       [01;36m[Kshared_from_this[m[K()
[1.479s]       |       [01;36m[K^~~~~~~~~~~~~~~~[m[K
[1.479s] [01m[K/usr/include/c++/11/bits/shared_ptr.h:811:7:[m[K [01;36m[Knote: [m[K                â€˜[01m[Kstd::shared_ptr<const _Tp> std::enable_shared_from_this<_Tp>::shared_from_this() const [with _Tp = rclcpp::Node][m[Kâ€™
[1.479s]   811 |       [01;36m[Kshared_from_this[m[K() const
[1.479s]       |       [01;36m[K^~~~~~~~~~~~~~~~[m[K
[1.479s] [01m[K/usr/include/c++/11/bits/shared_ptr.h:807:7:[m[K [01;36m[Knote: [m[K                â€˜[01m[Kstd::shared_ptr<_Tp> std::enable_shared_from_this<_Tp>::shared_from_this() [with _Tp = rclcpp::Node][m[Kâ€™
[1.479s]   807 |       [01;36m[Kshared_from_this[m[K()
[1.479s]       |       [01;36m[K^~~~~~~~~~~~~~~~[m[K
[1.479s] [01m[K/home/kgh/GITHUB/ROBIT_ROS2_HW/DAY1/turtlesim_cli/src/turtlesim_cli.cpp:103:54:[m[K [01;31m[Kerror: [m[Krequest for member â€˜[01m[Kshared_from_this[m[Kâ€™ is ambiguous
[1.479s]   103 |        if (rclcpp::spin_until_future_complete(this->[01;31m[Kshared_from_this[m[K(), result) == rclcpp::FutureReturnCode::SUCCESS) {
[1.480s]       |                                                     [01;31m[K^~~~~~~~~~~~~~~~[m[K
[1.480s] 
[1.480s] In file included from [01m[K/usr/include/c++/11/memory:77[m[K,
[1.480s]                  from [01m[K/opt/ros/humble/include/rclcpp/rclcpp/rclcpp.hpp:153[m[K,
[1.480s]                  from [01m[K/home/kgh/GITHUB/ROBIT_ROS2_HW/DAY1/turtlesim_cli/include/turtlesim_cli.hpp:4[m[K,
[1.480s]                  from [01m[K/home/kgh/GITHUB/ROBIT_ROS2_HW/DAY1/turtlesim_cli/src/turtlesim_cli.cpp:1[m[K:
[1.480s] [01m[K/usr/include/c++/11/bits/shared_ptr.h:811:7:[m[K [01;36m[Knote: [m[Kcandidates are: â€˜[01m[Kstd::shared_ptr<const _Tp> std::enable_shared_from_this<_Tp>::shared_from_this() const [with _Tp = TurtleSimCLI][m[Kâ€™
[1.480s]   811 |       [01;36m[Kshared_from_this[m[K() const
[1.480s]       |       [01;36m[K^~~~~~~~~~~~~~~~[m[K
[1.480s] [01m[K/usr/include/c++/11/bits/shared_ptr.h:807:7:[m[K [01;36m[Knote: [m[K                â€˜[01m[Kstd::shared_ptr<_Tp> std::enable_shared_from_this<_Tp>::shared_from_this() [with _Tp = TurtleSimCLI][m[Kâ€™
[1.480s]   807 |       [01;36m[Kshared_from_this[m[K()
[1.480s]       |       [01;36m[K^~~~~~~~~~~~~~~~[m[K
[1.480s] [01m[K/usr/include/c++/11/bits/shared_ptr.h:811:7:[m[K [01;36m[Knote: [m[K                â€˜[01m[Kstd::shared_ptr<const _Tp> std::enable_shared_from_this<_Tp>::shared_from_this() const [with _Tp = rclcpp::Node][m[Kâ€™
[1.480s]   811 |       [01;36m[Kshared_from_this[m[K() const
[1.480s]       |       [01;36m[K^~~~~~~~~~~~~~~~[m[K
[1.480s] [01m[K/usr/include/c++/11/bits/shared_ptr.h:807:7:[m[K [01;36m[Knote: [m[K                â€˜[01m[Kstd::shared_ptr<_Tp> std::enable_shared_from_this<_Tp>::shared_from_this() [with _Tp = rclcpp::Node][m[Kâ€™
[1.480s]   807 |       [01;36m[Kshared_from_this[m[K()
[1.480s]       |       [01;36m[K^~~~~~~~~~~~~~~~[m[K
[1.513s] [01m[K/home/kgh/GITHUB/ROBIT_ROS2_HW/DAY1/turtlesim_cli/src/turtlesim_cli.cpp:[m[K In member function â€˜[01m[Kvoid TurtleSimCLI::setPen()[m[Kâ€™:
[1.513s] [01m[K/home/kgh/GITHUB/ROBIT_ROS2_HW/DAY1/turtlesim_cli/src/turtlesim_cli.cpp:160:44:[m[K [01;31m[Kerror: [m[Kreference to â€˜[01m[Kshared_from_this[m[Kâ€™ is ambiguous
[1.513s]   160 |     if (rclcpp::spin_until_future_complete([01;31m[Kshared_from_this[m[K(), result_future) == rclcpp::FutureReturnCode::SUCCESS) {
[1.513s]       |                                            [01;31m[K^~~~~~~~~~~~~~~~[m[K
[1.513s] In file included from [01m[K/usr/include/c++/11/memory:77[m[K,
[1.513s]                  from [01m[K/opt/ros/humble/include/rclcpp/rclcpp/rclcpp.hpp:153[m[K,
[1.513s]                  from [01m[K/home/kgh/GITHUB/ROBIT_ROS2_HW/DAY1/turtlesim_cli/include/turtlesim_cli.hpp:4[m[K,
[1.513s]                  from [01m[K/home/kgh/GITHUB/ROBIT_ROS2_HW/DAY1/turtlesim_cli/src/turtlesim_cli.cpp:1[m[K:
[1.513s] [01m[K/usr/include/c++/11/bits/shared_ptr.h:811:7:[m[K [01;36m[Knote: [m[Kcandidates are: â€˜[01m[Kstd::shared_ptr<const _Tp> std::enable_shared_from_this<_Tp>::shared_from_this() const [with _Tp = TurtleSimCLI][m[Kâ€™
[1.513s]   811 |       [01;36m[Kshared_from_this[m[K() const
[1.513s]       |       [01;36m[K^~~~~~~~~~~~~~~~[m[K
[1.513s] [01m[K/usr/include/c++/11/bits/shared_ptr.h:807:7:[m[K [01;36m[Knote: [m[K                â€˜[01m[Kstd::shared_ptr<_Tp> std::enable_shared_from_this<_Tp>::shared_from_this() [with _Tp = TurtleSimCLI][m[Kâ€™
[1.513s]   807 |       [01;36m[Kshared_from_this[m[K()
[1.513s]       |       [01;36m[K^~~~~~~~~~~~~~~~[m[K
[1.513s] [01m[K/usr/include/c++/11/bits/shared_ptr.h:811:7:[m[K [01;36m[Knote: [m[K                â€˜[01m[Kstd::shared_ptr<const _Tp> std::enable_shared_from_this<_Tp>::shared_from_this() const [with _Tp = rclcpp::Node][m[Kâ€™
[1.513s]   811 |       [01;36m[Kshared_from_this[m[K() const
[1.513s]       |       [01;36m[K^~~~~~~~~~~~~~~~[m[K
[1.513s] [01m[K/usr/include/c++/11/bits/shared_ptr.h:807:7:[m[K [01;36m[Knote: [m[K                â€˜[01m[Kstd::shared_ptr<_Tp> std::enable_shared_from_this<_Tp>::shared_from_this() [with _Tp = rclcpp::Node][m[Kâ€™
[1.513s]   807 |       [01;36m[Kshared_from_this[m[K()
[1.513s]       |       [01;36m[K^~~~~~~~~~~~~~~~[m[K
[1.954s] gmake[2]: *** [CMakeFiles/turtlesim_cli.dir/build.make:90: CMakeFiles/turtlesim_cli.dir/src/turtlesim_cli.cpp.o] Error 1
[1.955s] gmake[2]: *** Waiting for unfinished jobs....
[2.506s] gmake[1]: *** [CMakeFiles/Makefile2:137: CMakeFiles/turtlesim_cli.dir/all] Error 2
[2.506s] gmake: *** [Makefile:146: all] Error 2
[2.508s] Invoked command in '/home/kgh/GITHUB/ROBIT_ROS2_HW/DAY1/turtlesim_cli/build/turtlesim_cli' returned '2': CMAKE_PREFIX_PATH=${CMAKE_PREFIX_PATH}:/opt/ros/humble /usr/bin/cmake --build /home/kgh/GITHUB/ROBIT_ROS2_HW/DAY1/turtlesim_cli/build/turtlesim_cli -- -j20 -l20
