[01m[K/home/kgh/GITHUB/ROBIT_ROS2_HW/DAY1/turtlesim_cli/src/turtlesim_cli.cpp:[m[K In member function â€˜[01m[Kvoid TurtleSimCLI::setPen()[m[Kâ€™:
[01m[K/home/kgh/GITHUB/ROBIT_ROS2_HW/DAY1/turtlesim_cli/src/turtlesim_cli.cpp:155:50:[m[K [01;31m[Kerror: [m[Kâ€˜[01m[Kclass TurtleSimCLI[m[Kâ€™ has no member named â€˜[01m[Kget_node[m[Kâ€™; did you mean â€˜[01m[Kget_name[m[Kâ€™?
  155 |     if (rclcpp::spin_until_future_complete(this->[01;31m[Kget_node[m[K()->get_node_base_interface(), result_future) == rclcpp::FutureReturnCode::SUCCESS) {
      |                                                  [01;31m[K^~~~~~~~[m[K
      |                                                  [32m[Kget_name[m[K
gmake[2]: *** [CMakeFiles/turtlesim_cli.dir/build.make:90: CMakeFiles/turtlesim_cli.dir/src/turtlesim_cli.cpp.o] Error 1
gmake[1]: *** [CMakeFiles/Makefile2:137: CMakeFiles/turtlesim_cli.dir/all] Error 2
gmake: *** [Makefile:146: all] Error 2
