[0.007s] Invoking command in '/home/kgh/GITHUB/ROBIT_ROS2_HW/DAY1/turtlesim_cli/build/turtlesim_cli': CMAKE_PREFIX_PATH=${CMAKE_PREFIX_PATH}:/opt/ros/humble /usr/bin/cmake --build /home/kgh/GITHUB/ROBIT_ROS2_HW/DAY1/turtlesim_cli/build/turtlesim_cli -- -j20 -l20
[0.042s] [35m[1mConsolidate compiler generated dependencies of target turtlesim_cli[0m
[0.062s] [ 25%] [32mBuilding CXX object CMakeFiles/turtlesim_cli.dir/src/turtlesim_cli.cpp.o[0m
[1.476s] [01m[K/home/kgh/GITHUB/ROBIT_ROS2_HW/DAY1/turtlesim_cli/src/turtlesim_cli.cpp:[m[K In member function â€˜[01m[Kvoid TurtleSimCLI::setPen()[m[Kâ€™:
[1.476s] [01m[K/home/kgh/GITHUB/ROBIT_ROS2_HW/DAY1/turtlesim_cli/src/turtlesim_cli.cpp:155:50:[m[K [01;31m[Kerror: [m[Kâ€˜[01m[Kclass TurtleSimCLI[m[Kâ€™ has no member named â€˜[01m[Kget_node[m[Kâ€™; did you mean â€˜[01m[Kget_name[m[Kâ€™?
[1.476s]   155 |     if (rclcpp::spin_until_future_complete(this->[01;31m[Kget_node[m[K()->get_node_base_interface(), result_future) == rclcpp::FutureReturnCode::SUCCESS) {
[1.476s]       |                                                  [01;31m[K^~~~~~~~[m[K
[1.476s]       |                                                  [32m[Kget_name[m[K
[1.905s] gmake[2]: *** [CMakeFiles/turtlesim_cli.dir/build.make:90: CMakeFiles/turtlesim_cli.dir/src/turtlesim_cli.cpp.o] Error 1
[1.905s] gmake[1]: *** [CMakeFiles/Makefile2:137: CMakeFiles/turtlesim_cli.dir/all] Error 2
[1.905s] gmake: *** [Makefile:146: all] Error 2
[1.907s] Invoked command in '/home/kgh/GITHUB/ROBIT_ROS2_HW/DAY1/turtlesim_cli/build/turtlesim_cli' returned '2': CMAKE_PREFIX_PATH=${CMAKE_PREFIX_PATH}:/opt/ros/humble /usr/bin/cmake --build /home/kgh/GITHUB/ROBIT_ROS2_HW/DAY1/turtlesim_cli/build/turtlesim_cli -- -j20 -l20
