[35m[1mConsolidate compiler generated dependencies of target turtlesim_cli[0m
[ 33%] [32mBuilding CXX object CMakeFiles/turtlesim_cli.dir/src/turtlesim_cli.cpp.o[0m
In file included from [01m[K/home/kgh/GITHUB/ROBIT_ROS2_HW/DAY1/turtlesim_cli/src/turtlesim_cli.cpp:1[m[K:
[01m[K/home/kgh/GITHUB/ROBIT_ROS2_HW/DAY1/turtlesim_cli/include/turtlesim_cli.hpp:41:36:[m[K [01;31m[Kerror: [m[Kâ€˜[01m[Kstd_srvs[m[Kâ€™ was not declared in this scope
   41 |     std::shared_ptr<rclcpp::Client<[01;31m[Kstd_srvs[m[K::srv::Empty>> clear_client_;  // ì˜ˆì‹œë¡œ í´ë¦¬ì–´ í´ë¼ì´ì–¸íŠ¸ ì¶”ê°€
      |                                    [01;31m[K^~~~~~~~[m[K
[01m[K/home/kgh/GITHUB/ROBIT_ROS2_HW/DAY1/turtlesim_cli/include/turtlesim_cli.hpp:41:56:[m[K [01;31m[Kerror: [m[Ktemplate argument 1 is invalid
   41 |     std::shared_ptr<rclcpp::Client<std_srvs::srv::Empty[01;31m[K>>[m[K clear_client_;  // ì˜ˆì‹œë¡œ í´ë¦¬ì–´ í´ë¼ì´ì–¸íŠ¸ ì¶”ê°€
      |                                                        [01;31m[K^~[m[K
[01m[K/home/kgh/GITHUB/ROBIT_ROS2_HW/DAY1/turtlesim_cli/include/turtlesim_cli.hpp:41:59:[m[K [01;31m[Kerror: [m[Ktemplate argument 1 is invalid
   41 |  std::shared_ptr<rclcpp::Client<std_srvs::srv::Empty>> [01;31m[Kclear_client_[m[K;  // ì˜ˆì‹œë¡œ í´ë¦¬ì–´ í´ë¼ì´ì–¸íŠ¸ ì¶”ê°€
      |                                                        [01;31m[K^~~~~~~~~~~~~[m[K

[01m[K/home/kgh/GITHUB/ROBIT_ROS2_HW/DAY1/turtlesim_cli/src/turtlesim_cli.cpp:[m[K In function â€˜[01m[Kvoid set_background_color()[m[Kâ€™:
[01m[K/home/kgh/GITHUB/ROBIT_ROS2_HW/DAY1/turtlesim_cli/src/turtlesim_cli.cpp:86:81:[m[K [01;31m[Kerror: [m[Kinvalid use of â€˜[01m[Kthis[m[Kâ€™ in non-member function
   86 | ient = std::make_shared<rclcpp::AsyncParametersClient>([01;31m[Kthis[m[K->shared_from_this(), "turtlesim");
      |                                                        [01;31m[K^~~~[m[K

[01m[K/home/kgh/GITHUB/ROBIT_ROS2_HW/DAY1/turtlesim_cli/src/turtlesim_cli.cpp:95:27:[m[K [01;31m[Kerror: [m[Kâ€˜[01m[Kclear_client_[m[Kâ€™ was not declared in this scope
   95 |             auto result = [01;31m[Kclear_client_[m[K->async_send_request(request);
      |                           [01;31m[K^~~~~~~~~~~~~[m[K
[01m[K/home/kgh/GITHUB/ROBIT_ROS2_HW/DAY1/turtlesim_cli/src/turtlesim_cli.cpp:97:52:[m[K [01;31m[Kerror: [m[Kinvalid use of â€˜[01m[Kthis[m[Kâ€™ in non-member function
   97 |             if (rclcpp::spin_until_future_complete([01;31m[Kthis[m[K->shared_from_this(), result) == rclcpp::FutureReturnCode::SUCCESS) {
      |                                                    [01;31m[K^~~~[m[K
gmake[2]: *** [CMakeFiles/turtlesim_cli.dir/build.make:76: CMakeFiles/turtlesim_cli.dir/src/turtlesim_cli.cpp.o] Error 1
gmake[1]: *** [CMakeFiles/Makefile2:137: CMakeFiles/turtlesim_cli.dir/all] Error 2
gmake: *** [Makefile:146: all] Error 2
