[0.008s] Invoking command in '/home/kgh/GITHUB/ROBIT_ROS2_HW/DAY1/turtlesim_cli/build/turtlesim_cli': CMAKE_PREFIX_PATH=${CMAKE_PREFIX_PATH}:/opt/ros/humble /usr/bin/cmake --build /home/kgh/GITHUB/ROBIT_ROS2_HW/DAY1/turtlesim_cli/build/turtlesim_cli -- -j20 -l20
[0.037s] [35m[1mConsolidate compiler generated dependencies of target turtlesim_cli[0m
[0.051s] [ 33%] [32mBuilding CXX object CMakeFiles/turtlesim_cli.dir/src/turtlesim_cli.cpp.o[0m
[1.363s] In file included from [01m[K/home/kgh/GITHUB/ROBIT_ROS2_HW/DAY1/turtlesim_cli/src/turtlesim_cli.cpp:1[m[K:
[1.363s] [01m[K/home/kgh/GITHUB/ROBIT_ROS2_HW/DAY1/turtlesim_cli/include/turtlesim_cli.hpp:41:36:[m[K [01;31m[Kerror: [m[K‚Äò[01m[Kstd_srvs[m[K‚Äô was not declared in this scope
[1.363s]    41 |     std::shared_ptr<rclcpp::Client<[01;31m[Kstd_srvs[m[K::srv::Empty>> clear_client_;  // ÏòàÏãúÎ°ú ÌÅ¥Î¶¨Ïñ¥ ÌÅ¥ÎùºÏù¥Ïñ∏Ìä∏ Ï∂îÍ∞Ä
[1.363s]       |                                    [01;31m[K^~~~~~~~[m[K
[1.363s] [01m[K/home/kgh/GITHUB/ROBIT_ROS2_HW/DAY1/turtlesim_cli/include/turtlesim_cli.hpp:41:56:[m[K [01;31m[Kerror: [m[Ktemplate argument 1 is invalid
[1.363s]    41 |     std::shared_ptr<rclcpp::Client<std_srvs::srv::Empty[01;31m[K>>[m[K clear_client_;  // ÏòàÏãúÎ°ú ÌÅ¥Î¶¨Ïñ¥ ÌÅ¥ÎùºÏù¥Ïñ∏Ìä∏ Ï∂îÍ∞Ä
[1.363s]       |                                                        [01;31m[K^~[m[K
[1.363s] [01m[K/home/kgh/GITHUB/ROBIT_ROS2_HW/DAY1/turtlesim_cli/include/turtlesim_cli.hpp:41:59:[m[K [01;31m[Kerror: [m[Ktemplate argument 1 is invalid
[1.363s]    41 |  std::shared_ptr<rclcpp::Client<std_srvs::srv::Empty>> [01;31m[Kclear_client_[m[K;  // ÏòàÏãúÎ°ú ÌÅ¥Î¶¨Ïñ¥ ÌÅ¥ÎùºÏù¥Ïñ∏Ìä∏ Ï∂îÍ∞Ä
[1.363s]       |                                                        [01;31m[K^~~~~~~~~~~~~[m[K
[1.363s] 
[1.370s] [01m[K/home/kgh/GITHUB/ROBIT_ROS2_HW/DAY1/turtlesim_cli/src/turtlesim_cli.cpp:[m[K In function ‚Äò[01m[Kvoid set_background_color()[m[K‚Äô:
[1.370s] [01m[K/home/kgh/GITHUB/ROBIT_ROS2_HW/DAY1/turtlesim_cli/src/turtlesim_cli.cpp:86:81:[m[K [01;31m[Kerror: [m[Kinvalid use of ‚Äò[01m[Kthis[m[K‚Äô in non-member function
[1.370s]    86 | ient = std::make_shared<rclcpp::AsyncParametersClient>([01;31m[Kthis[m[K->shared_from_this(), "turtlesim");
[1.370s]       |                                                        [01;31m[K^~~~[m[K
[1.370s] 
[1.375s] [01m[K/home/kgh/GITHUB/ROBIT_ROS2_HW/DAY1/turtlesim_cli/src/turtlesim_cli.cpp:95:27:[m[K [01;31m[Kerror: [m[K‚Äò[01m[Kclear_client_[m[K‚Äô was not declared in this scope
[1.375s]    95 |             auto result = [01;31m[Kclear_client_[m[K->async_send_request(request);
[1.375s]       |                           [01;31m[K^~~~~~~~~~~~~[m[K
[1.375s] [01m[K/home/kgh/GITHUB/ROBIT_ROS2_HW/DAY1/turtlesim_cli/src/turtlesim_cli.cpp:97:52:[m[K [01;31m[Kerror: [m[Kinvalid use of ‚Äò[01m[Kthis[m[K‚Äô in non-member function
[1.375s]    97 |             if (rclcpp::spin_until_future_complete([01;31m[Kthis[m[K->shared_from_this(), result) == rclcpp::FutureReturnCode::SUCCESS) {
[1.375s]       |                                                    [01;31m[K^~~~[m[K
[1.763s] gmake[2]: *** [CMakeFiles/turtlesim_cli.dir/build.make:76: CMakeFiles/turtlesim_cli.dir/src/turtlesim_cli.cpp.o] Error 1
[1.763s] gmake[1]: *** [CMakeFiles/Makefile2:137: CMakeFiles/turtlesim_cli.dir/all] Error 2
[1.763s] gmake: *** [Makefile:146: all] Error 2
[1.764s] Invoked command in '/home/kgh/GITHUB/ROBIT_ROS2_HW/DAY1/turtlesim_cli/build/turtlesim_cli' returned '2': CMAKE_PREFIX_PATH=${CMAKE_PREFIX_PATH}:/opt/ros/humble /usr/bin/cmake --build /home/kgh/GITHUB/ROBIT_ROS2_HW/DAY1/turtlesim_cli/build/turtlesim_cli -- -j20 -l20
