[0.011s] Invoking command in '/home/kgh/GITHUB/ROBIT_ROS2_HW/DAY1/turtlesim_cli/build/turtlesim_cli': CMAKE_PREFIX_PATH=${CMAKE_PREFIX_PATH}:/opt/ros/humble /usr/bin/cmake --build /home/kgh/GITHUB/ROBIT_ROS2_HW/DAY1/turtlesim_cli/build/turtlesim_cli -- -j20 -l20
[0.056s] [35m[1mConsolidate compiler generated dependencies of target turtlesim_cli[0m
[0.075s] [ 33%] [32mBuilding CXX object CMakeFiles/turtlesim_cli.dir/src/turtlesim_cli.cpp.o[0m
[5.683s] [ 66%] [32m[1mLinking CXX executable turtlesim_cli[0m
[5.716s] /usr/bin/ld: CMakeFiles/turtlesim_cli.dir/src/turtlesim_cli.cpp.o: in function `main':
[5.716s] turtlesim_cli.cpp:(.text+0x2132): multiple definition of `main'; CMakeFiles/turtlesim_cli.dir/src/main.cpp.o:main.cpp:(.text+0x0): first defined here
[5.948s] collect2: error: ld returned 1 exit status
[5.950s] gmake[2]: *** [CMakeFiles/turtlesim_cli.dir/build.make:215: turtlesim_cli] Error 1
[5.950s] gmake[1]: *** [CMakeFiles/Makefile2:137: CMakeFiles/turtlesim_cli.dir/all] Error 2
[5.950s] gmake: *** [Makefile:146: all] Error 2
[5.955s] Invoked command in '/home/kgh/GITHUB/ROBIT_ROS2_HW/DAY1/turtlesim_cli/build/turtlesim_cli' returned '2': CMAKE_PREFIX_PATH=${CMAKE_PREFIX_PATH}:/opt/ros/humble /usr/bin/cmake --build /home/kgh/GITHUB/ROBIT_ROS2_HW/DAY1/turtlesim_cli/build/turtlesim_cli -- -j20 -l20
