[01m[K/home/kgh/GITHUB/ROBIT_ROS2_HW/DAY1/turtlesim_cli/src/turtlesim_cli.cpp:5:10:[m[K [01;31m[Kfatal error: [m[Kturtlesim/srv/set_background_color.hpp: No such file or directory
    5 | #include [01;31m[K"turtlesim/srv/set_background_color.hpp"[m[K
      |          [01;31m[K^~~~~~~~~~~~~~~~~~~~~~~~~~~~~~~~~~~~~~~~[m[K
compilation terminated.
gmake[2]: *** [CMakeFiles/turtlesim_cli.dir/build.make:76: CMakeFiles/turtlesim_cli.dir/src/turtlesim_cli.cpp.o] Error 1
gmake[2]: *** Waiting for unfinished jobs....
gmake[1]: *** [CMakeFiles/Makefile2:137: CMakeFiles/turtlesim_cli.dir/all] Error 2
gmake: *** [Makefile:146: all] Error 2
