[01m[K/home/kgh/GITHUB/ROBIT_ROS2_HW/DAY1/turtlesim_cli/src/turtlesim_cli.cpp:[m[K In member function â€˜[01m[Kvoid TurtleSimCLI::processInput(int)[m[Kâ€™:
[01m[K/home/kgh/GITHUB/ROBIT_ROS2_HW/DAY1/turtlesim_cli/src/turtlesim_cli.cpp:57:9:[m[K [01;31m[Kerror: [m[Kâ€˜[01m[KsetBackgroundColor[m[Kâ€™ was not declared in this scope
   57 |         [01;31m[KsetBackgroundColor[m[K();
      |         [01;31m[K^~~~~~~~~~~~~~~~~~[m[K
[01m[K/home/kgh/GITHUB/ROBIT_ROS2_HW/DAY1/turtlesim_cli/src/turtlesim_cli.cpp:61:9:[m[K [01;31m[Kerror: [m[Kâ€˜[01m[KsetTurtleShape[m[Kâ€™ was not declared in this scope
   61 |         [01;31m[KsetTurtleShape[m[K();
      |         [01;31m[K^~~~~~~~~~~~~~[m[K
[01m[K/home/kgh/GITHUB/ROBIT_ROS2_HW/DAY1/turtlesim_cli/src/turtlesim_cli.cpp:65:9:[m[K [01;31m[Kerror: [m[Kâ€˜[01m[KsetPen[m[Kâ€™ was not declared in this scope; did you mean â€˜[01m[Ksetenv[m[Kâ€™?
   65 |         [01;31m[KsetPen[m[K();
      |         [01;31m[K^~~~~~[m[K
      |         [32m[Ksetenv[m[K
[01m[K/home/kgh/GITHUB/ROBIT_ROS2_HW/DAY1/turtlesim_cli/src/turtlesim_cli.cpp:[m[K In function â€˜[01m[Kvoid set_background_color()[m[Kâ€™:
[01m[K/home/kgh/GITHUB/ROBIT_ROS2_HW/DAY1/turtlesim_cli/src/turtlesim_cli.cpp:86:81:[m[K [01;31m[Kerror: [m[Kinvalid use of â€˜[01m[Kthis[m[Kâ€™ in non-member function
   86 | er_client = std::make_shared<rclcpp::AsyncParametersClient>([01;31m[Kthis[m[K->shared_from_this(), "turtlesim");
      |                                                             [01;31m[K^~~~[m[K

[01m[K/home/kgh/GITHUB/ROBIT_ROS2_HW/DAY1/turtlesim_cli/src/turtlesim_cli.cpp:95:27:[m[K [01;31m[Kerror: [m[Kâ€˜[01m[Kclear_client_[m[Kâ€™ was not declared in this scope
   95 |             auto result = [01;31m[Kclear_client_[m[K->async_send_request(request);
      |                           [01;31m[K^~~~~~~~~~~~~[m[K
[01m[K/home/kgh/GITHUB/ROBIT_ROS2_HW/DAY1/turtlesim_cli/src/turtlesim_cli.cpp:97:52:[m[K [01;31m[Kerror: [m[Kinvalid use of â€˜[01m[Kthis[m[Kâ€™ in non-member function
   97 |             if (rclcpp::spin_until_future_complete([01;31m[Kthis[m[K->shared_from_this(), result) == rclcpp::FutureReturnCode::SUCCESS) {
      |                                                    [01;31m[K^~~~[m[K
[01m[K/home/kgh/GITHUB/ROBIT_ROS2_HW/DAY1/turtlesim_cli/src/turtlesim_cli.cpp:[m[K At global scope:
[01m[K/home/kgh/GITHUB/ROBIT_ROS2_HW/DAY1/turtlesim_cli/src/turtlesim_cli.cpp:103:6:[m[K [01;31m[Kerror: [m[Kno declaration matches â€˜[01m[Kvoid TurtleSimCLI::setTurtleShape()[m[Kâ€™
  103 | void [01;31m[KTurtleSimCLI[m[K::setTurtleShape()
      |      [01;31m[K^~~~~~~~~~~~[m[K
[01m[K/home/kgh/GITHUB/ROBIT_ROS2_HW/DAY1/turtlesim_cli/src/turtlesim_cli.cpp:103:6:[m[K [01;36m[Knote: [m[Kno functions named â€˜[01m[Kvoid TurtleSimCLI::setTurtleShape()[m[Kâ€™
In file included from [01m[K/home/kgh/GITHUB/ROBIT_ROS2_HW/DAY1/turtlesim_cli/src/turtlesim_cli.cpp:1[m[K:
[01m[K/home/kgh/GITHUB/ROBIT_ROS2_HW/DAY1/turtlesim_cli/include/turtlesim_cli.hpp:11:7:[m[K [01;36m[Knote: [m[Kâ€˜[01m[Kclass TurtleSimCLI[m[Kâ€™ defined here
   11 | class [01;36m[KTurtleSimCLI[m[K : public rclcpp::Node
      |       [01;36m[K^~~~~~~~~~~~[m[K
[01m[K/home/kgh/GITHUB/ROBIT_ROS2_HW/DAY1/turtlesim_cli/src/turtlesim_cli.cpp:131:6:[m[K [01;31m[Kerror: [m[Kno declaration matches â€˜[01m[Kvoid TurtleSimCLI::setPen()[m[Kâ€™
  131 | void [01;31m[KTurtleSimCLI[m[K::setPen()
      |      [01;31m[K^~~~~~~~~~~~[m[K
[01m[K/home/kgh/GITHUB/ROBIT_ROS2_HW/DAY1/turtlesim_cli/src/turtlesim_cli.cpp:131:6:[m[K [01;36m[Knote: [m[Kno functions named â€˜[01m[Kvoid TurtleSimCLI::setPen()[m[Kâ€™
In file included from [01m[K/home/kgh/GITHUB/ROBIT_ROS2_HW/DAY1/turtlesim_cli/src/turtlesim_cli.cpp:1[m[K:
[01m[K/home/kgh/GITHUB/ROBIT_ROS2_HW/DAY1/turtlesim_cli/include/turtlesim_cli.hpp:11:7:[m[K [01;36m[Knote: [m[Kâ€˜[01m[Kclass TurtleSimCLI[m[Kâ€™ defined here
   11 | class [01;36m[KTurtleSimCLI[m[K : public rclcpp::Node
      |       [01;36m[K^~~~~~~~~~~~[m[K
gmake[2]: *** [CMakeFiles/turtlesim_cli.dir/build.make:76: CMakeFiles/turtlesim_cli.dir/src/turtlesim_cli.cpp.o] Error 1
gmake[1]: *** [CMakeFiles/Makefile2:137: CMakeFiles/turtlesim_cli.dir/all] Error 2
gmake: *** [Makefile:146: all] Error 2
