[0.006s] Invoking command in '/home/kgh/robot_ws/src/ROBIT_ROS2_HW/DAY2/build/turtlesim_control': CMAKE_PREFIX_PATH=${CMAKE_PREFIX_PATH}:/opt/ros/humble /usr/bin/cmake /home/kgh/robot_ws/src/ROBIT_ROS2_HW/DAY2/turtlesim_control -DCMAKE_INSTALL_PREFIX=/home/kgh/robot_ws/src/ROBIT_ROS2_HW/DAY2/install/turtlesim_control
[0.015s] -- Found ament_cmake: 1.3.10 (/opt/ros/humble/share/ament_cmake/cmake)
[0.088s] -- Found rclcpp: 16.0.10 (/opt/ros/humble/share/rclcpp/cmake)
[0.102s] -- Found rosidl_generator_c: 3.1.5 (/opt/ros/humble/share/rosidl_generator_c/cmake)
[0.104s] -- Found rosidl_adapter: 3.1.5 (/opt/ros/humble/share/rosidl_adapter/cmake)
[0.106s] -- Found rosidl_generator_cpp: 3.1.5 (/opt/ros/humble/share/rosidl_generator_cpp/cmake)
[0.112s] -- Using all available rosidl_typesupport_c: rosidl_typesupport_fastrtps_c;rosidl_typesupport_introspection_c
[0.119s] -- Using all available rosidl_typesupport_cpp: rosidl_typesupport_fastrtps_cpp;rosidl_typesupport_introspection_cpp
[0.136s] -- Found rmw_implementation_cmake: 6.1.2 (/opt/ros/humble/share/rmw_implementation_cmake/cmake)
[0.137s] -- Found rmw_fastrtps_cpp: 6.2.7 (/opt/ros/humble/share/rmw_fastrtps_cpp/cmake)
[0.199s] -- Using RMW implementation 'rmw_fastrtps_cpp' as default
[0.244s] -- Found ament_lint_auto: 0.12.11 (/opt/ros/humble/share/ament_lint_auto/cmake)
[0.282s] -- Added test 'copyright' to check source files copyright and LICENSE
[0.282s] -- Added test 'cppcheck' to perform static code analysis on C / C++ code
[0.283s] -- Configured cppcheck include dirs: /home/kgh/robot_ws/src/ROBIT_ROS2_HW/DAY2/turtlesim_control/include/turtlesim_control
[0.283s] -- Configured cppcheck exclude dirs and/or files: 
[0.283s] -- Added test 'cpplint' to check C / C++ code against the Google style
[0.283s] -- Configured cpplint exclude dirs and/or files: 
[0.283s] -- Added test 'lint_cmake' to check CMake code style
[0.284s] -- Added test 'uncrustify' to check C / C++ code style
[0.284s] -- Configured uncrustify additional arguments: 
[0.284s] -- Added test 'xmllint' to check XML markup files
[0.284s] -- Configuring done
[0.293s] -- Generating done
[0.293s] -- Build files have been written to: /home/kgh/robot_ws/src/ROBIT_ROS2_HW/DAY2/build/turtlesim_control
[0.298s] Invoked command in '/home/kgh/robot_ws/src/ROBIT_ROS2_HW/DAY2/build/turtlesim_control' returned '0': CMAKE_PREFIX_PATH=${CMAKE_PREFIX_PATH}:/opt/ros/humble /usr/bin/cmake /home/kgh/robot_ws/src/ROBIT_ROS2_HW/DAY2/turtlesim_control -DCMAKE_INSTALL_PREFIX=/home/kgh/robot_ws/src/ROBIT_ROS2_HW/DAY2/install/turtlesim_control
[0.299s] Invoking command in '/home/kgh/robot_ws/src/ROBIT_ROS2_HW/DAY2/build/turtlesim_control': CMAKE_PREFIX_PATH=${CMAKE_PREFIX_PATH}:/opt/ros/humble /usr/bin/cmake --build /home/kgh/robot_ws/src/ROBIT_ROS2_HW/DAY2/build/turtlesim_control -- -j20 -l20
[0.330s] [ 36%] [34m[1mGenerating qrc_images.cpp[0m
[0.330s] [ 36%] [34m[1mGenerating ui_mainwindow.h[0m
[0.331s] [ 36%] [34m[1mGenerating include/turtlesim_control/moc_main_window.cpp[0m
[0.331s] [ 36%] [34m[1mGenerating include/turtlesim_control/moc_qnode.cpp[0m
[0.349s] [ 45%] [32mBuilding CXX object CMakeFiles/turtlesim_control.dir/include/turtlesim_control/moc_qnode.cpp.o[0m
[0.349s] [ 63%] [32mBuilding CXX object CMakeFiles/turtlesim_control.dir/qrc_images.cpp.o[0m
[0.350s] [ 63%] [32mBuilding CXX object CMakeFiles/turtlesim_control.dir/src/main_window.cpp.o[0m
[0.350s] [ 72%] [32mBuilding CXX object CMakeFiles/turtlesim_control.dir/src/main.cpp.o[0m
[0.351s] [ 81%] [32mBuilding CXX object CMakeFiles/turtlesim_control.dir/src/qnode.cpp.o[0m
[0.352s] [ 90%] [32mBuilding CXX object CMakeFiles/turtlesim_control.dir/include/turtlesim_control/moc_main_window.cpp.o[0m
[3.098s] [100%] [32m[1mLinking CXX executable turtlesim_control[0m
[3.436s] /usr/bin/ld: CMakeFiles/turtlesim_control.dir/include/turtlesim_control/moc_main_window.cpp.o: in function `MainWindow::qt_static_metacall(QObject*, QMetaObject::Call, int, void**)':
[3.436s] moc_main_window.cpp:(.text+0x36): undefined reference to `MainWindow::on_up_button_clicked()'
[3.449s] collect2: error: ld returned 1 exit status
[3.450s] gmake[2]: *** [CMakeFiles/turtlesim_control.dir/build.make:255: turtlesim_control] Error 1
[3.450s] gmake[1]: *** [CMakeFiles/Makefile2:137: CMakeFiles/turtlesim_control.dir/all] Error 2
[3.450s] gmake: *** [Makefile:146: all] Error 2
[3.452s] Invoked command in '/home/kgh/robot_ws/src/ROBIT_ROS2_HW/DAY2/build/turtlesim_control' returned '2': CMAKE_PREFIX_PATH=${CMAKE_PREFIX_PATH}:/opt/ros/humble /usr/bin/cmake --build /home/kgh/robot_ws/src/ROBIT_ROS2_HW/DAY2/build/turtlesim_control -- -j20 -l20
